2020-05-25 20:30:06 INFO  BaseFram:54 - Start a single test...
2020-05-25 20:30:14 INFO  Homepage:20 - the title of th epage is Demo Script Test drive - PHPTRAVELS
2020-05-25 20:30:14 INFO  Homepage:46 - page will change to backend page
2020-05-25 20:30:17 INFO  BackendPage:21 - the title of th epage is Administator Login
2020-05-25 20:30:25 INFO  BaseFram:69 - End a single test...
2020-05-25 20:32:50 INFO  BaseFram:54 - Start a single test...
2020-05-25 20:32:57 INFO  Homepage:20 - the title of th epage is Demo Script Test drive - PHPTRAVELS
2020-05-25 20:32:58 INFO  Homepage:46 - page will change to backend page
2020-05-25 20:33:01 INFO  BackendPage:21 - the title of th epage is Administator Login
2020-05-25 20:33:10 INFO  BaseFram:69 - End a single test...
2020-05-25 20:33:49 INFO  BaseFram:54 - Start a single test...
2020-05-25 20:33:57 INFO  Homepage:20 - the title of th epage is Demo Script Test drive - PHPTRAVELS
2020-05-25 20:33:57 INFO  Homepage:46 - page will change to backend page
2020-05-25 20:34:00 INFO  BackendPage:21 - the title of th epage is Administator Login
2020-05-25 20:34:08 INFO  BaseFram:69 - End a single test...
2020-05-25 20:58:24 INFO  BaseFram:54 - Start a single test...
2020-05-25 20:58:33 INFO  Homepage:20 - the title of th epage is Demo Script Test drive - PHPTRAVELS
2020-05-25 20:58:34 INFO  Homepage:46 - page will change to backend page
2020-05-25 20:58:37 INFO  BackendPage:21 - the title of th epage is Administator Login
2020-05-25 20:58:49 INFO  BaseFram:69 - End a single test...
2020-05-25 21:02:55 INFO  BaseFram:54 - Start a single test...
2020-05-25 21:03:04 INFO  Homepage:20 - the title of th epage is Demo Script Test drive - PHPTRAVELS
2020-05-25 21:03:05 INFO  Homepage:46 - page will change to backend page
2020-05-25 21:03:08 INFO  BackendPage:21 - the title of th epage is Administator Login
2020-05-25 21:03:24 INFO  BaseFram:69 - End a single test...
2020-05-25 21:21:14 INFO  ExcelReader:70 - Row:1, Col:0, Data: admin@phptravels.com
2020-05-25 21:21:14 INFO  ExcelReader:70 - Row:1, Col:1, Data: demoadmi
2020-05-25 21:21:14 INFO  ExcelReader:70 - Row:1, Col:2, Data: Invalid Login Credentials
2020-05-25 21:21:14 INFO  ExcelReader:70 - Row:2, Col:0, Data: ad@phptravels.com
2020-05-25 21:21:14 INFO  ExcelReader:70 - Row:2, Col:1, Data: demoadmin
2020-05-25 21:21:14 INFO  ExcelReader:70 - Row:2, Col:2, Data: Invalid Login Credentials
2020-05-25 21:21:14 INFO  ExcelReader:70 - Row:3, Col:0, Data:   
2020-05-25 21:21:14 INFO  ExcelReader:70 - Row:3, Col:1, Data: demoadmin
2020-05-25 21:21:14 INFO  ExcelReader:70 - Row:3, Col:2, Data: Invalid Login Credentials
2020-05-25 21:21:14 INFO  ExcelReader:70 - Row:4, Col:0, Data: admin@phptravels.com
2020-05-25 21:21:14 INFO  ExcelReader:70 - Row:4, Col:1, Data:   
2020-05-25 21:21:14 INFO  ExcelReader:70 - Row:4, Col:2, Data: Invalid Login Credentials
2020-05-25 21:21:14 INFO  ExcelReader:70 - Row:5, Col:0, Data:   
2020-05-25 21:21:14 INFO  ExcelReader:70 - Row:5, Col:1, Data:   
2020-05-25 21:21:14 INFO  ExcelReader:70 - Row:5, Col:2, Data: Invalid Login Credentials
2020-05-25 21:21:14 INFO  BaseFram:54 - Start a single test...
2020-05-25 21:21:25 INFO  Homepage:20 - the title of th epage is Demo Script Test drive - PHPTRAVELS
2020-05-25 21:21:26 INFO  Homepage:46 - page will change to backend page
2020-05-25 21:22:00 ERROR DataDrivenTest:108 - Error: 
org.openqa.selenium.NoSuchElementException: no such element: Unable to locate element: {"method":"xpath","selector":"/html/body/div[2]/form[1]/div[2]/div"}
  (Session info: chrome=81.0.4044.138)
For documentation on this error, please visit: https://www.seleniumhq.org/exceptions/no_such_element.html
Build info: version: '3.141.59', revision: 'e82be7d358', time: '2018-11-14T08:17:03'
System info: host: 'LAPTOP-FEM2N9O3', ip: '192.168.99.1', os.name: 'Windows 10', os.arch: 'amd64', os.version: '10.0', java.version: '1.8.0_191'
Driver info: org.openqa.selenium.chrome.ChromeDriver
Capabilities {acceptInsecureCerts: false, browserName: chrome, browserVersion: 81.0.4044.138, chrome: {chromedriverVersion: 81.0.4044.138 (8c6c7ba89cc9..., userDataDir: C:\Users\nawar\AppData\Loca...}, goog:chromeOptions: {debuggerAddress: localhost:55808}, javascriptEnabled: true, networkConnectionEnabled: false, pageLoadStrategy: normal, platform: WINDOWS, platformName: WINDOWS, proxy: Proxy(), setWindowRect: true, strictFileInteractability: false, timeouts: {implicit: 0, pageLoad: 300000, script: 30000}, unhandledPromptBehavior: dismiss and notify, webauthn:virtualAuthenticators: true}
Session ID: 010059d4374c3e253455eeacea95ebaa
*** Element info: {Using=xpath, value=/html/body/div[2]/form[1]/div[2]/div}
	at sun.reflect.NativeConstructorAccessorImpl.newInstance0(Native Method)
	at sun.reflect.NativeConstructorAccessorImpl.newInstance(NativeConstructorAccessorImpl.java:62)
	at sun.reflect.DelegatingConstructorAccessorImpl.newInstance(DelegatingConstructorAccessorImpl.java:45)
	at java.lang.reflect.Constructor.newInstance(Constructor.java:423)
	at org.openqa.selenium.remote.http.W3CHttpResponseCodec.createException(W3CHttpResponseCodec.java:187)
	at org.openqa.selenium.remote.http.W3CHttpResponseCodec.decode(W3CHttpResponseCodec.java:122)
	at org.openqa.selenium.remote.http.W3CHttpResponseCodec.decode(W3CHttpResponseCodec.java:49)
	at org.openqa.selenium.remote.HttpCommandExecutor.execute(HttpCommandExecutor.java:158)
	at org.openqa.selenium.remote.service.DriverCommandExecutor.execute(DriverCommandExecutor.java:83)
	at org.openqa.selenium.remote.RemoteWebDriver.execute(RemoteWebDriver.java:552)
	at org.openqa.selenium.remote.RemoteWebDriver.findElement(RemoteWebDriver.java:323)
	at org.openqa.selenium.remote.RemoteWebDriver.findElementByXPath(RemoteWebDriver.java:428)
	at org.openqa.selenium.By$ByXPath.findElement(By.java:353)
	at org.openqa.selenium.remote.RemoteWebDriver.findElement(RemoteWebDriver.java:315)
	at com.webaite.test.DataDrivenTest.negativeAdmin(DataDrivenTest.java:102)
	at sun.reflect.NativeMethodAccessorImpl.invoke0(Native Method)
	at sun.reflect.NativeMethodAccessorImpl.invoke(NativeMethodAccessorImpl.java:62)
	at sun.reflect.DelegatingMethodAccessorImpl.invoke(DelegatingMethodAccessorImpl.java:43)
	at java.lang.reflect.Method.invoke(Method.java:498)
	at org.testng.internal.MethodInvocationHelper.invokeMethod(MethodInvocationHelper.java:124)
	at org.testng.internal.Invoker.invokeMethod(Invoker.java:583)
	at org.testng.internal.Invoker.invokeTestMethod(Invoker.java:719)
	at org.testng.internal.Invoker.invokeTestMethods(Invoker.java:989)
	at org.testng.internal.TestMethodWorker.invokeTestMethods(TestMethodWorker.java:125)
	at org.testng.internal.TestMethodWorker.run(TestMethodWorker.java:109)
	at org.testng.TestRunner.privateRun(TestRunner.java:648)
	at org.testng.TestRunner.run(TestRunner.java:505)
	at org.testng.SuiteRunner.runTest(SuiteRunner.java:455)
	at org.testng.SuiteRunner.runSequentially(SuiteRunner.java:450)
	at org.testng.SuiteRunner.privateRun(SuiteRunner.java:415)
	at org.testng.SuiteRunner.run(SuiteRunner.java:364)
	at org.testng.SuiteRunnerWorker.runSuite(SuiteRunnerWorker.java:52)
	at org.testng.SuiteRunnerWorker.run(SuiteRunnerWorker.java:84)
	at org.testng.TestNG.runSuitesSequentially(TestNG.java:1208)
	at org.testng.TestNG.runSuitesLocally(TestNG.java:1137)
	at org.testng.TestNG.runSuites(TestNG.java:1049)
	at org.testng.TestNG.run(TestNG.java:1017)
	at org.testng.remote.AbstractRemoteTestNG.run(AbstractRemoteTestNG.java:114)
	at org.testng.remote.RemoteTestNG.initAndRun(RemoteTestNG.java:251)
	at org.testng.remote.RemoteTestNG.main(RemoteTestNG.java:77)
2020-05-25 21:22:00 INFO  BaseFram:69 - End a single test...
2020-05-25 21:22:05 INFO  BaseFram:54 - Start a single test...
2020-05-25 21:22:13 INFO  Homepage:20 - the title of th epage is Demo Script Test drive - PHPTRAVELS
2020-05-25 21:22:14 INFO  Homepage:46 - page will change to backend page
2020-05-25 21:22:48 ERROR DataDrivenTest:108 - Error: 
org.openqa.selenium.NoSuchElementException: no such element: Unable to locate element: {"method":"xpath","selector":"/html/body/div[2]/form[1]/div[2]/div"}
  (Session info: chrome=81.0.4044.138)
For documentation on this error, please visit: https://www.seleniumhq.org/exceptions/no_such_element.html
Build info: version: '3.141.59', revision: 'e82be7d358', time: '2018-11-14T08:17:03'
System info: host: 'LAPTOP-FEM2N9O3', ip: '192.168.99.1', os.name: 'Windows 10', os.arch: 'amd64', os.version: '10.0', java.version: '1.8.0_191'
Driver info: org.openqa.selenium.chrome.ChromeDriver
Capabilities {acceptInsecureCerts: false, browserName: chrome, browserVersion: 81.0.4044.138, chrome: {chromedriverVersion: 81.0.4044.138 (8c6c7ba89cc9..., userDataDir: C:\Users\nawar\AppData\Loca...}, goog:chromeOptions: {debuggerAddress: localhost:55908}, javascriptEnabled: true, networkConnectionEnabled: false, pageLoadStrategy: normal, platform: WINDOWS, platformName: WINDOWS, proxy: Proxy(), setWindowRect: true, strictFileInteractability: false, timeouts: {implicit: 0, pageLoad: 300000, script: 30000}, unhandledPromptBehavior: dismiss and notify, webauthn:virtualAuthenticators: true}
Session ID: 39649b9bd877ffc78373618bc5b36cb6
*** Element info: {Using=xpath, value=/html/body/div[2]/form[1]/div[2]/div}
	at sun.reflect.NativeConstructorAccessorImpl.newInstance0(Native Method)
	at sun.reflect.NativeConstructorAccessorImpl.newInstance(NativeConstructorAccessorImpl.java:62)
	at sun.reflect.DelegatingConstructorAccessorImpl.newInstance(DelegatingConstructorAccessorImpl.java:45)
	at java.lang.reflect.Constructor.newInstance(Constructor.java:423)
	at org.openqa.selenium.remote.http.W3CHttpResponseCodec.createException(W3CHttpResponseCodec.java:187)
	at org.openqa.selenium.remote.http.W3CHttpResponseCodec.decode(W3CHttpResponseCodec.java:122)
	at org.openqa.selenium.remote.http.W3CHttpResponseCodec.decode(W3CHttpResponseCodec.java:49)
	at org.openqa.selenium.remote.HttpCommandExecutor.execute(HttpCommandExecutor.java:158)
	at org.openqa.selenium.remote.service.DriverCommandExecutor.execute(DriverCommandExecutor.java:83)
	at org.openqa.selenium.remote.RemoteWebDriver.execute(RemoteWebDriver.java:552)
	at org.openqa.selenium.remote.RemoteWebDriver.findElement(RemoteWebDriver.java:323)
	at org.openqa.selenium.remote.RemoteWebDriver.findElementByXPath(RemoteWebDriver.java:428)
	at org.openqa.selenium.By$ByXPath.findElement(By.java:353)
	at org.openqa.selenium.remote.RemoteWebDriver.findElement(RemoteWebDriver.java:315)
	at com.webaite.test.DataDrivenTest.negativeAdmin(DataDrivenTest.java:102)
	at sun.reflect.NativeMethodAccessorImpl.invoke0(Native Method)
	at sun.reflect.NativeMethodAccessorImpl.invoke(NativeMethodAccessorImpl.java:62)
	at sun.reflect.DelegatingMethodAccessorImpl.invoke(DelegatingMethodAccessorImpl.java:43)
	at java.lang.reflect.Method.invoke(Method.java:498)
	at org.testng.internal.MethodInvocationHelper.invokeMethod(MethodInvocationHelper.java:124)
	at org.testng.internal.Invoker.invokeMethod(Invoker.java:583)
	at org.testng.internal.Invoker.invokeTestMethod(Invoker.java:719)
	at org.testng.internal.Invoker.invokeTestMethods(Invoker.java:989)
	at org.testng.internal.TestMethodWorker.invokeTestMethods(TestMethodWorker.java:125)
	at org.testng.internal.TestMethodWorker.run(TestMethodWorker.java:109)
	at org.testng.TestRunner.privateRun(TestRunner.java:648)
	at org.testng.TestRunner.run(TestRunner.java:505)
	at org.testng.SuiteRunner.runTest(SuiteRunner.java:455)
	at org.testng.SuiteRunner.runSequentially(SuiteRunner.java:450)
	at org.testng.SuiteRunner.privateRun(SuiteRunner.java:415)
	at org.testng.SuiteRunner.run(SuiteRunner.java:364)
	at org.testng.SuiteRunnerWorker.runSuite(SuiteRunnerWorker.java:52)
	at org.testng.SuiteRunnerWorker.run(SuiteRunnerWorker.java:84)
	at org.testng.TestNG.runSuitesSequentially(TestNG.java:1208)
	at org.testng.TestNG.runSuitesLocally(TestNG.java:1137)
	at org.testng.TestNG.runSuites(TestNG.java:1049)
	at org.testng.TestNG.run(TestNG.java:1017)
	at org.testng.remote.AbstractRemoteTestNG.run(AbstractRemoteTestNG.java:114)
	at org.testng.remote.RemoteTestNG.initAndRun(RemoteTestNG.java:251)
	at org.testng.remote.RemoteTestNG.main(RemoteTestNG.java:77)
2020-05-25 21:22:48 INFO  BaseFram:69 - End a single test...
2020-05-25 21:22:53 INFO  BaseFram:54 - Start a single test...
2020-05-25 21:23:03 INFO  Homepage:20 - the title of th epage is Demo Script Test drive - PHPTRAVELS
2020-05-25 21:23:04 INFO  Homepage:46 - page will change to backend page
2020-05-25 21:24:31 INFO  ExcelReader:70 - Row:1, Col:0, Data: use@phptravels.com
2020-05-25 21:24:31 INFO  ExcelReader:70 - Row:1, Col:1, Data: demouser
2020-05-25 21:24:31 INFO  ExcelReader:70 - Row:1, Col:2, Data: Invalid Email or Password
2020-05-25 21:24:31 INFO  ExcelReader:70 - Row:2, Col:0, Data: user@phptravels.com
2020-05-25 21:24:31 INFO  ExcelReader:70 - Row:2, Col:1, Data: demouse
2020-05-25 21:24:31 INFO  ExcelReader:70 - Row:2, Col:2, Data: Invalid Email or Password
2020-05-25 21:24:31 INFO  ExcelReader:70 - Row:3, Col:0, Data:  
2020-05-25 21:24:31 INFO  ExcelReader:70 - Row:3, Col:1, Data: demouser
2020-05-25 21:24:31 INFO  ExcelReader:70 - Row:3, Col:2, Data: Invalid Email or Password
2020-05-25 21:24:31 INFO  ExcelReader:70 - Row:4, Col:0, Data: user@phptravels.com
2020-05-25 21:24:31 INFO  ExcelReader:70 - Row:4, Col:1, Data:  
2020-05-25 21:24:31 INFO  ExcelReader:70 - Row:4, Col:2, Data: Invalid Email or Password
2020-05-25 21:24:31 INFO  ExcelReader:70 - Row:5, Col:0, Data:  
2020-05-25 21:24:31 INFO  ExcelReader:70 - Row:5, Col:1, Data:  
2020-05-25 21:24:31 INFO  ExcelReader:70 - Row:5, Col:2, Data: Invalid Email or Password
2020-05-25 21:24:31 INFO  BaseFram:54 - Start a single test...
2020-05-25 21:24:43 INFO  Homepage:20 - the title of th epage is Demo Script Test drive - PHPTRAVELS
2020-05-25 21:24:44 INFO  Homepage:34 - page will change to fornt end page
2020-05-25 21:24:50 INFO  FrontendPage:64 - this will go to login page
2020-05-25 21:24:54 INFO  DataDrivenTest:56 - Test Scenario: 1Result:[Invalid Email or PasswordExpected: [Invalid Email or Password]
2020-05-25 21:24:54 INFO  BaseFram:69 - End a single test...
2020-05-25 21:24:59 INFO  BaseFram:54 - Start a single test...
2020-05-25 21:25:08 INFO  Homepage:20 - the title of th epage is Demo Script Test drive - PHPTRAVELS
2020-05-25 21:25:10 INFO  Homepage:34 - page will change to fornt end page
2020-05-25 21:25:15 INFO  FrontendPage:64 - this will go to login page
2020-05-25 21:25:19 INFO  DataDrivenTest:56 - Test Scenario: 2Result:[Invalid Email or PasswordExpected: [Invalid Email or Password]
2020-05-25 21:25:19 INFO  BaseFram:69 - End a single test...
2020-05-25 21:25:24 INFO  BaseFram:54 - Start a single test...
2020-05-25 21:25:33 INFO  Homepage:20 - the title of th epage is Demo Script Test drive - PHPTRAVELS
2020-05-25 21:25:34 INFO  Homepage:34 - page will change to fornt end page
2020-05-25 21:25:41 INFO  FrontendPage:64 - this will go to login page
2020-05-25 21:25:45 INFO  DataDrivenTest:56 - Test Scenario: 3Result:[Invalid Email or PasswordExpected: [Invalid Email or Password]
2020-05-25 21:25:45 INFO  BaseFram:69 - End a single test...
2020-05-25 21:25:50 INFO  BaseFram:54 - Start a single test...
2020-05-25 21:25:59 INFO  Homepage:20 - the title of th epage is Demo Script Test drive - PHPTRAVELS
2020-05-25 21:25:59 INFO  Homepage:34 - page will change to fornt end page
2020-05-25 21:26:13 INFO  FrontendPage:64 - this will go to login page
2020-05-25 21:26:18 INFO  DataDrivenTest:56 - Test Scenario: 4Result:[Invalid Email or PasswordExpected: [Invalid Email or Password]
2020-05-25 21:26:18 INFO  BaseFram:69 - End a single test...
2020-05-25 21:26:23 INFO  BaseFram:54 - Start a single test...
2020-05-25 21:26:31 INFO  Homepage:20 - the title of th epage is Demo Script Test drive - PHPTRAVELS
2020-05-25 21:26:32 INFO  Homepage:34 - page will change to fornt end page
2020-05-25 21:26:44 INFO  FrontendPage:64 - this will go to login page
2020-05-25 21:26:48 INFO  DataDrivenTest:56 - Test Scenario: 5Result:[Invalid Email or PasswordExpected: [Invalid Email or Password]
2020-05-25 21:26:48 INFO  BaseFram:69 - End a single test...
2020-05-25 21:26:53 INFO  ExcelReader:70 - Row:1, Col:0, Data: admin@phptravels.com
2020-05-25 21:26:53 INFO  ExcelReader:70 - Row:1, Col:1, Data: demoadmi
2020-05-25 21:26:53 INFO  ExcelReader:70 - Row:1, Col:2, Data: Invalid Login Credentials
2020-05-25 21:26:53 INFO  ExcelReader:70 - Row:2, Col:0, Data: ad@phptravels.com
2020-05-25 21:26:53 INFO  ExcelReader:70 - Row:2, Col:1, Data: demoadmin
2020-05-25 21:26:53 INFO  ExcelReader:70 - Row:2, Col:2, Data: Invalid Login Credentials
2020-05-25 21:26:53 INFO  ExcelReader:70 - Row:3, Col:0, Data:   
2020-05-25 21:26:53 INFO  ExcelReader:70 - Row:3, Col:1, Data: demoadmin
2020-05-25 21:26:53 INFO  ExcelReader:70 - Row:3, Col:2, Data: Invalid Login Credentials
2020-05-25 21:26:53 INFO  ExcelReader:70 - Row:4, Col:0, Data: admin@phptravels.com
2020-05-25 21:26:53 INFO  ExcelReader:70 - Row:4, Col:1, Data:   
2020-05-25 21:26:53 INFO  ExcelReader:70 - Row:4, Col:2, Data: Invalid Login Credentials
2020-05-25 21:26:53 INFO  ExcelReader:70 - Row:5, Col:0, Data:   
2020-05-25 21:26:53 INFO  ExcelReader:70 - Row:5, Col:1, Data:   
2020-05-25 21:26:53 INFO  ExcelReader:70 - Row:5, Col:2, Data: Invalid Login Credentials
2020-05-25 21:26:53 INFO  BaseFram:54 - Start a single test...
2020-05-25 21:27:01 INFO  Homepage:20 - the title of th epage is Demo Script Test drive - PHPTRAVELS
2020-05-25 21:27:01 INFO  Homepage:46 - page will change to backend page
2020-05-25 21:27:35 ERROR DataDrivenTest:108 - Error: 
org.openqa.selenium.NoSuchElementException: no such element: Unable to locate element: {"method":"xpath","selector":"/html/body/div[2]/form[1]/div[2]/div"}
  (Session info: chrome=81.0.4044.138)
For documentation on this error, please visit: https://www.seleniumhq.org/exceptions/no_such_element.html
Build info: version: '3.141.59', revision: 'e82be7d358', time: '2018-11-14T08:17:03'
System info: host: 'LAPTOP-FEM2N9O3', ip: '192.168.99.1', os.name: 'Windows 10', os.arch: 'amd64', os.version: '10.0', java.version: '1.8.0_191'
Driver info: org.openqa.selenium.chrome.ChromeDriver
Capabilities {acceptInsecureCerts: false, browserName: chrome, browserVersion: 81.0.4044.138, chrome: {chromedriverVersion: 81.0.4044.138 (8c6c7ba89cc9..., userDataDir: C:\Users\nawar\AppData\Loca...}, goog:chromeOptions: {debuggerAddress: localhost:56852}, javascriptEnabled: true, networkConnectionEnabled: false, pageLoadStrategy: normal, platform: WINDOWS, platformName: WINDOWS, proxy: Proxy(), setWindowRect: true, strictFileInteractability: false, timeouts: {implicit: 0, pageLoad: 300000, script: 30000}, unhandledPromptBehavior: dismiss and notify, webauthn:virtualAuthenticators: true}
Session ID: 4a46aabb01fbbb8c400e7289789f3506
*** Element info: {Using=xpath, value=/html/body/div[2]/form[1]/div[2]/div}
	at sun.reflect.NativeConstructorAccessorImpl.newInstance0(Native Method)
	at sun.reflect.NativeConstructorAccessorImpl.newInstance(NativeConstructorAccessorImpl.java:62)
	at sun.reflect.DelegatingConstructorAccessorImpl.newInstance(DelegatingConstructorAccessorImpl.java:45)
	at java.lang.reflect.Constructor.newInstance(Constructor.java:423)
	at org.openqa.selenium.remote.http.W3CHttpResponseCodec.createException(W3CHttpResponseCodec.java:187)
	at org.openqa.selenium.remote.http.W3CHttpResponseCodec.decode(W3CHttpResponseCodec.java:122)
	at org.openqa.selenium.remote.http.W3CHttpResponseCodec.decode(W3CHttpResponseCodec.java:49)
	at org.openqa.selenium.remote.HttpCommandExecutor.execute(HttpCommandExecutor.java:158)
	at org.openqa.selenium.remote.service.DriverCommandExecutor.execute(DriverCommandExecutor.java:83)
	at org.openqa.selenium.remote.RemoteWebDriver.execute(RemoteWebDriver.java:552)
	at org.openqa.selenium.remote.RemoteWebDriver.findElement(RemoteWebDriver.java:323)
	at org.openqa.selenium.remote.RemoteWebDriver.findElementByXPath(RemoteWebDriver.java:428)
	at org.openqa.selenium.By$ByXPath.findElement(By.java:353)
	at org.openqa.selenium.remote.RemoteWebDriver.findElement(RemoteWebDriver.java:315)
	at com.webaite.test.DataDrivenTest.negativeAdmin(DataDrivenTest.java:102)
	at sun.reflect.NativeMethodAccessorImpl.invoke0(Native Method)
	at sun.reflect.NativeMethodAccessorImpl.invoke(NativeMethodAccessorImpl.java:62)
	at sun.reflect.DelegatingMethodAccessorImpl.invoke(DelegatingMethodAccessorImpl.java:43)
	at java.lang.reflect.Method.invoke(Method.java:498)
	at org.testng.internal.MethodInvocationHelper.invokeMethod(MethodInvocationHelper.java:124)
	at org.testng.internal.Invoker.invokeMethod(Invoker.java:583)
	at org.testng.internal.Invoker.invokeTestMethod(Invoker.java:719)
	at org.testng.internal.Invoker.invokeTestMethods(Invoker.java:989)
	at org.testng.internal.TestMethodWorker.invokeTestMethods(TestMethodWorker.java:125)
	at org.testng.internal.TestMethodWorker.run(TestMethodWorker.java:109)
	at org.testng.TestRunner.privateRun(TestRunner.java:648)
	at org.testng.TestRunner.run(TestRunner.java:505)
	at org.testng.SuiteRunner.runTest(SuiteRunner.java:455)
	at org.testng.SuiteRunner.runSequentially(SuiteRunner.java:450)
	at org.testng.SuiteRunner.privateRun(SuiteRunner.java:415)
	at org.testng.SuiteRunner.run(SuiteRunner.java:364)
	at org.testng.SuiteRunnerWorker.runSuite(SuiteRunnerWorker.java:52)
	at org.testng.SuiteRunnerWorker.run(SuiteRunnerWorker.java:84)
	at org.testng.TestNG.runSuitesSequentially(TestNG.java:1208)
	at org.testng.TestNG.runSuitesLocally(TestNG.java:1137)
	at org.testng.TestNG.runSuites(TestNG.java:1049)
	at org.testng.TestNG.run(TestNG.java:1017)
	at org.testng.remote.AbstractRemoteTestNG.run(AbstractRemoteTestNG.java:114)
	at org.testng.remote.RemoteTestNG.initAndRun(RemoteTestNG.java:251)
	at org.testng.remote.RemoteTestNG.main(RemoteTestNG.java:77)
2020-05-25 21:27:35 INFO  BaseFram:69 - End a single test...
2020-05-25 21:27:40 INFO  BaseFram:54 - Start a single test...
2020-05-25 21:27:52 INFO  Homepage:20 - the title of th epage is Demo Script Test drive - PHPTRAVELS
2020-05-25 21:27:54 INFO  Homepage:46 - page will change to backend page
2020-05-25 21:28:28 ERROR DataDrivenTest:108 - Error: 
org.openqa.selenium.NoSuchElementException: no such element: Unable to locate element: {"method":"xpath","selector":"/html/body/div[2]/form[1]/div[2]/div"}
  (Session info: chrome=81.0.4044.138)
For documentation on this error, please visit: https://www.seleniumhq.org/exceptions/no_such_element.html
Build info: version: '3.141.59', revision: 'e82be7d358', time: '2018-11-14T08:17:03'
System info: host: 'LAPTOP-FEM2N9O3', ip: '192.168.99.1', os.name: 'Windows 10', os.arch: 'amd64', os.version: '10.0', java.version: '1.8.0_191'
Driver info: org.openqa.selenium.chrome.ChromeDriver
Capabilities {acceptInsecureCerts: false, browserName: chrome, browserVersion: 81.0.4044.138, chrome: {chromedriverVersion: 81.0.4044.138 (8c6c7ba89cc9..., userDataDir: C:\Users\nawar\AppData\Loca...}, goog:chromeOptions: {debuggerAddress: localhost:57206}, javascriptEnabled: true, networkConnectionEnabled: false, pageLoadStrategy: normal, platform: WINDOWS, platformName: WINDOWS, proxy: Proxy(), setWindowRect: true, strictFileInteractability: false, timeouts: {implicit: 0, pageLoad: 300000, script: 30000}, unhandledPromptBehavior: dismiss and notify, webauthn:virtualAuthenticators: true}
Session ID: fcdd9fbb71146070ac74b0fd4c4bfab0
*** Element info: {Using=xpath, value=/html/body/div[2]/form[1]/div[2]/div}
	at sun.reflect.NativeConstructorAccessorImpl.newInstance0(Native Method)
	at sun.reflect.NativeConstructorAccessorImpl.newInstance(NativeConstructorAccessorImpl.java:62)
	at sun.reflect.DelegatingConstructorAccessorImpl.newInstance(DelegatingConstructorAccessorImpl.java:45)
	at java.lang.reflect.Constructor.newInstance(Constructor.java:423)
	at org.openqa.selenium.remote.http.W3CHttpResponseCodec.createException(W3CHttpResponseCodec.java:187)
	at org.openqa.selenium.remote.http.W3CHttpResponseCodec.decode(W3CHttpResponseCodec.java:122)
	at org.openqa.selenium.remote.http.W3CHttpResponseCodec.decode(W3CHttpResponseCodec.java:49)
	at org.openqa.selenium.remote.HttpCommandExecutor.execute(HttpCommandExecutor.java:158)
	at org.openqa.selenium.remote.service.DriverCommandExecutor.execute(DriverCommandExecutor.java:83)
	at org.openqa.selenium.remote.RemoteWebDriver.execute(RemoteWebDriver.java:552)
	at org.openqa.selenium.remote.RemoteWebDriver.findElement(RemoteWebDriver.java:323)
	at org.openqa.selenium.remote.RemoteWebDriver.findElementByXPath(RemoteWebDriver.java:428)
	at org.openqa.selenium.By$ByXPath.findElement(By.java:353)
	at org.openqa.selenium.remote.RemoteWebDriver.findElement(RemoteWebDriver.java:315)
	at com.webaite.test.DataDrivenTest.negativeAdmin(DataDrivenTest.java:102)
	at sun.reflect.NativeMethodAccessorImpl.invoke0(Native Method)
	at sun.reflect.NativeMethodAccessorImpl.invoke(NativeMethodAccessorImpl.java:62)
	at sun.reflect.DelegatingMethodAccessorImpl.invoke(DelegatingMethodAccessorImpl.java:43)
	at java.lang.reflect.Method.invoke(Method.java:498)
	at org.testng.internal.MethodInvocationHelper.invokeMethod(MethodInvocationHelper.java:124)
	at org.testng.internal.Invoker.invokeMethod(Invoker.java:583)
	at org.testng.internal.Invoker.invokeTestMethod(Invoker.java:719)
	at org.testng.internal.Invoker.invokeTestMethods(Invoker.java:989)
	at org.testng.internal.TestMethodWorker.invokeTestMethods(TestMethodWorker.java:125)
	at org.testng.internal.TestMethodWorker.run(TestMethodWorker.java:109)
	at org.testng.TestRunner.privateRun(TestRunner.java:648)
	at org.testng.TestRunner.run(TestRunner.java:505)
	at org.testng.SuiteRunner.runTest(SuiteRunner.java:455)
	at org.testng.SuiteRunner.runSequentially(SuiteRunner.java:450)
	at org.testng.SuiteRunner.privateRun(SuiteRunner.java:415)
	at org.testng.SuiteRunner.run(SuiteRunner.java:364)
	at org.testng.SuiteRunnerWorker.runSuite(SuiteRunnerWorker.java:52)
	at org.testng.SuiteRunnerWorker.run(SuiteRunnerWorker.java:84)
	at org.testng.TestNG.runSuitesSequentially(TestNG.java:1208)
	at org.testng.TestNG.runSuitesLocally(TestNG.java:1137)
	at org.testng.TestNG.runSuites(TestNG.java:1049)
	at org.testng.TestNG.run(TestNG.java:1017)
	at org.testng.remote.AbstractRemoteTestNG.run(AbstractRemoteTestNG.java:114)
	at org.testng.remote.RemoteTestNG.initAndRun(RemoteTestNG.java:251)
	at org.testng.remote.RemoteTestNG.main(RemoteTestNG.java:77)
2020-05-25 21:28:28 INFO  BaseFram:69 - End a single test...
2020-05-25 21:28:33 INFO  BaseFram:54 - Start a single test...
2020-05-25 21:28:41 INFO  Homepage:20 - the title of th epage is Demo Script Test drive - PHPTRAVELS
2020-05-25 21:28:41 INFO  Homepage:46 - page will change to backend page
2020-05-25 21:29:15 ERROR DataDrivenTest:108 - Error: 
org.openqa.selenium.NoSuchElementException: no such element: Unable to locate element: {"method":"xpath","selector":"/html/body/div[2]/form[1]/div[2]/div"}
  (Session info: chrome=81.0.4044.138)
For documentation on this error, please visit: https://www.seleniumhq.org/exceptions/no_such_element.html
Build info: version: '3.141.59', revision: 'e82be7d358', time: '2018-11-14T08:17:03'
System info: host: 'LAPTOP-FEM2N9O3', ip: '192.168.99.1', os.name: 'Windows 10', os.arch: 'amd64', os.version: '10.0', java.version: '1.8.0_191'
Driver info: org.openqa.selenium.chrome.ChromeDriver
Capabilities {acceptInsecureCerts: false, browserName: chrome, browserVersion: 81.0.4044.138, chrome: {chromedriverVersion: 81.0.4044.138 (8c6c7ba89cc9..., userDataDir: C:\Users\nawar\AppData\Loca...}, goog:chromeOptions: {debuggerAddress: localhost:57499}, javascriptEnabled: true, networkConnectionEnabled: false, pageLoadStrategy: normal, platform: WINDOWS, platformName: WINDOWS, proxy: Proxy(), setWindowRect: true, strictFileInteractability: false, timeouts: {implicit: 0, pageLoad: 300000, script: 30000}, unhandledPromptBehavior: dismiss and notify, webauthn:virtualAuthenticators: true}
Session ID: 0e54159e352a41d3e53e060a6fa5f9bd
*** Element info: {Using=xpath, value=/html/body/div[2]/form[1]/div[2]/div}
	at sun.reflect.NativeConstructorAccessorImpl.newInstance0(Native Method)
	at sun.reflect.NativeConstructorAccessorImpl.newInstance(NativeConstructorAccessorImpl.java:62)
	at sun.reflect.DelegatingConstructorAccessorImpl.newInstance(DelegatingConstructorAccessorImpl.java:45)
	at java.lang.reflect.Constructor.newInstance(Constructor.java:423)
	at org.openqa.selenium.remote.http.W3CHttpResponseCodec.createException(W3CHttpResponseCodec.java:187)
	at org.openqa.selenium.remote.http.W3CHttpResponseCodec.decode(W3CHttpResponseCodec.java:122)
	at org.openqa.selenium.remote.http.W3CHttpResponseCodec.decode(W3CHttpResponseCodec.java:49)
	at org.openqa.selenium.remote.HttpCommandExecutor.execute(HttpCommandExecutor.java:158)
	at org.openqa.selenium.remote.service.DriverCommandExecutor.execute(DriverCommandExecutor.java:83)
	at org.openqa.selenium.remote.RemoteWebDriver.execute(RemoteWebDriver.java:552)
	at org.openqa.selenium.remote.RemoteWebDriver.findElement(RemoteWebDriver.java:323)
	at org.openqa.selenium.remote.RemoteWebDriver.findElementByXPath(RemoteWebDriver.java:428)
	at org.openqa.selenium.By$ByXPath.findElement(By.java:353)
	at org.openqa.selenium.remote.RemoteWebDriver.findElement(RemoteWebDriver.java:315)
	at com.webaite.test.DataDrivenTest.negativeAdmin(DataDrivenTest.java:102)
	at sun.reflect.NativeMethodAccessorImpl.invoke0(Native Method)
	at sun.reflect.NativeMethodAccessorImpl.invoke(NativeMethodAccessorImpl.java:62)
	at sun.reflect.DelegatingMethodAccessorImpl.invoke(DelegatingMethodAccessorImpl.java:43)
	at java.lang.reflect.Method.invoke(Method.java:498)
	at org.testng.internal.MethodInvocationHelper.invokeMethod(MethodInvocationHelper.java:124)
	at org.testng.internal.Invoker.invokeMethod(Invoker.java:583)
	at org.testng.internal.Invoker.invokeTestMethod(Invoker.java:719)
	at org.testng.internal.Invoker.invokeTestMethods(Invoker.java:989)
	at org.testng.internal.TestMethodWorker.invokeTestMethods(TestMethodWorker.java:125)
	at org.testng.internal.TestMethodWorker.run(TestMethodWorker.java:109)
	at org.testng.TestRunner.privateRun(TestRunner.java:648)
	at org.testng.TestRunner.run(TestRunner.java:505)
	at org.testng.SuiteRunner.runTest(SuiteRunner.java:455)
	at org.testng.SuiteRunner.runSequentially(SuiteRunner.java:450)
	at org.testng.SuiteRunner.privateRun(SuiteRunner.java:415)
	at org.testng.SuiteRunner.run(SuiteRunner.java:364)
	at org.testng.SuiteRunnerWorker.runSuite(SuiteRunnerWorker.java:52)
	at org.testng.SuiteRunnerWorker.run(SuiteRunnerWorker.java:84)
	at org.testng.TestNG.runSuitesSequentially(TestNG.java:1208)
	at org.testng.TestNG.runSuitesLocally(TestNG.java:1137)
	at org.testng.TestNG.runSuites(TestNG.java:1049)
	at org.testng.TestNG.run(TestNG.java:1017)
	at org.testng.remote.AbstractRemoteTestNG.run(AbstractRemoteTestNG.java:114)
	at org.testng.remote.RemoteTestNG.initAndRun(RemoteTestNG.java:251)
	at org.testng.remote.RemoteTestNG.main(RemoteTestNG.java:77)
2020-05-25 21:29:15 INFO  BaseFram:69 - End a single test...
2020-05-25 21:29:20 INFO  BaseFram:54 - Start a single test...
2020-05-25 21:29:31 INFO  Homepage:20 - the title of th epage is Demo Script Test drive - PHPTRAVELS
2020-05-25 21:29:33 INFO  Homepage:46 - page will change to backend page
2020-05-25 21:30:13 ERROR DataDrivenTest:108 - Error: 
org.openqa.selenium.NoSuchElementException: no such element: Unable to locate element: {"method":"xpath","selector":"/html/body/div[2]/form[1]/div[2]/div"}
  (Session info: chrome=81.0.4044.138)
For documentation on this error, please visit: https://www.seleniumhq.org/exceptions/no_such_element.html
Build info: version: '3.141.59', revision: 'e82be7d358', time: '2018-11-14T08:17:03'
System info: host: 'LAPTOP-FEM2N9O3', ip: '192.168.99.1', os.name: 'Windows 10', os.arch: 'amd64', os.version: '10.0', java.version: '1.8.0_191'
Driver info: org.openqa.selenium.chrome.ChromeDriver
Capabilities {acceptInsecureCerts: false, browserName: chrome, browserVersion: 81.0.4044.138, chrome: {chromedriverVersion: 81.0.4044.138 (8c6c7ba89cc9..., userDataDir: C:\Users\nawar\AppData\Loca...}, goog:chromeOptions: {debuggerAddress: localhost:57930}, javascriptEnabled: true, networkConnectionEnabled: false, pageLoadStrategy: normal, platform: WINDOWS, platformName: WINDOWS, proxy: Proxy(), setWindowRect: true, strictFileInteractability: false, timeouts: {implicit: 0, pageLoad: 300000, script: 30000}, unhandledPromptBehavior: dismiss and notify, webauthn:virtualAuthenticators: true}
Session ID: 27b3d9d3cde8936951a3ac28832a85f4
*** Element info: {Using=xpath, value=/html/body/div[2]/form[1]/div[2]/div}
	at sun.reflect.NativeConstructorAccessorImpl.newInstance0(Native Method)
	at sun.reflect.NativeConstructorAccessorImpl.newInstance(NativeConstructorAccessorImpl.java:62)
	at sun.reflect.DelegatingConstructorAccessorImpl.newInstance(DelegatingConstructorAccessorImpl.java:45)
	at java.lang.reflect.Constructor.newInstance(Constructor.java:423)
	at org.openqa.selenium.remote.http.W3CHttpResponseCodec.createException(W3CHttpResponseCodec.java:187)
	at org.openqa.selenium.remote.http.W3CHttpResponseCodec.decode(W3CHttpResponseCodec.java:122)
	at org.openqa.selenium.remote.http.W3CHttpResponseCodec.decode(W3CHttpResponseCodec.java:49)
	at org.openqa.selenium.remote.HttpCommandExecutor.execute(HttpCommandExecutor.java:158)
	at org.openqa.selenium.remote.service.DriverCommandExecutor.execute(DriverCommandExecutor.java:83)
	at org.openqa.selenium.remote.RemoteWebDriver.execute(RemoteWebDriver.java:552)
	at org.openqa.selenium.remote.RemoteWebDriver.findElement(RemoteWebDriver.java:323)
	at org.openqa.selenium.remote.RemoteWebDriver.findElementByXPath(RemoteWebDriver.java:428)
	at org.openqa.selenium.By$ByXPath.findElement(By.java:353)
	at org.openqa.selenium.remote.RemoteWebDriver.findElement(RemoteWebDriver.java:315)
	at com.webaite.test.DataDrivenTest.negativeAdmin(DataDrivenTest.java:102)
	at sun.reflect.NativeMethodAccessorImpl.invoke0(Native Method)
	at sun.reflect.NativeMethodAccessorImpl.invoke(NativeMethodAccessorImpl.java:62)
	at sun.reflect.DelegatingMethodAccessorImpl.invoke(DelegatingMethodAccessorImpl.java:43)
	at java.lang.reflect.Method.invoke(Method.java:498)
	at org.testng.internal.MethodInvocationHelper.invokeMethod(MethodInvocationHelper.java:124)
	at org.testng.internal.Invoker.invokeMethod(Invoker.java:583)
	at org.testng.internal.Invoker.invokeTestMethod(Invoker.java:719)
	at org.testng.internal.Invoker.invokeTestMethods(Invoker.java:989)
	at org.testng.internal.TestMethodWorker.invokeTestMethods(TestMethodWorker.java:125)
	at org.testng.internal.TestMethodWorker.run(TestMethodWorker.java:109)
	at org.testng.TestRunner.privateRun(TestRunner.java:648)
	at org.testng.TestRunner.run(TestRunner.java:505)
	at org.testng.SuiteRunner.runTest(SuiteRunner.java:455)
	at org.testng.SuiteRunner.runSequentially(SuiteRunner.java:450)
	at org.testng.SuiteRunner.privateRun(SuiteRunner.java:415)
	at org.testng.SuiteRunner.run(SuiteRunner.java:364)
	at org.testng.SuiteRunnerWorker.runSuite(SuiteRunnerWorker.java:52)
	at org.testng.SuiteRunnerWorker.run(SuiteRunnerWorker.java:84)
	at org.testng.TestNG.runSuitesSequentially(TestNG.java:1208)
	at org.testng.TestNG.runSuitesLocally(TestNG.java:1137)
	at org.testng.TestNG.runSuites(TestNG.java:1049)
	at org.testng.TestNG.run(TestNG.java:1017)
	at org.testng.remote.AbstractRemoteTestNG.run(AbstractRemoteTestNG.java:114)
	at org.testng.remote.RemoteTestNG.initAndRun(RemoteTestNG.java:251)
	at org.testng.remote.RemoteTestNG.main(RemoteTestNG.java:77)
2020-05-25 21:30:13 INFO  BaseFram:69 - End a single test...
2020-05-25 21:30:18 INFO  BaseFram:54 - Start a single test...
2020-05-25 21:30:28 INFO  Homepage:20 - the title of th epage is Demo Script Test drive - PHPTRAVELS
2020-05-25 21:30:29 INFO  Homepage:46 - page will change to backend page
2020-05-25 21:31:06 ERROR DataDrivenTest:108 - Error: 
org.openqa.selenium.NoSuchElementException: no such element: Unable to locate element: {"method":"xpath","selector":"/html/body/div[2]/form[1]/div[2]/div"}
  (Session info: chrome=81.0.4044.138)
For documentation on this error, please visit: https://www.seleniumhq.org/exceptions/no_such_element.html
Build info: version: '3.141.59', revision: 'e82be7d358', time: '2018-11-14T08:17:03'
System info: host: 'LAPTOP-FEM2N9O3', ip: '192.168.99.1', os.name: 'Windows 10', os.arch: 'amd64', os.version: '10.0', java.version: '1.8.0_191'
Driver info: org.openqa.selenium.chrome.ChromeDriver
Capabilities {acceptInsecureCerts: false, browserName: chrome, browserVersion: 81.0.4044.138, chrome: {chromedriverVersion: 81.0.4044.138 (8c6c7ba89cc9..., userDataDir: C:\Users\nawar\AppData\Loca...}, goog:chromeOptions: {debuggerAddress: localhost:58393}, javascriptEnabled: true, networkConnectionEnabled: false, pageLoadStrategy: normal, platform: WINDOWS, platformName: WINDOWS, proxy: Proxy(), setWindowRect: true, strictFileInteractability: false, timeouts: {implicit: 0, pageLoad: 300000, script: 30000}, unhandledPromptBehavior: dismiss and notify, webauthn:virtualAuthenticators: true}
Session ID: 0397b966825bdd7344bc465629a2def4
*** Element info: {Using=xpath, value=/html/body/div[2]/form[1]/div[2]/div}
	at sun.reflect.NativeConstructorAccessorImpl.newInstance0(Native Method)
	at sun.reflect.NativeConstructorAccessorImpl.newInstance(NativeConstructorAccessorImpl.java:62)
	at sun.reflect.DelegatingConstructorAccessorImpl.newInstance(DelegatingConstructorAccessorImpl.java:45)
	at java.lang.reflect.Constructor.newInstance(Constructor.java:423)
	at org.openqa.selenium.remote.http.W3CHttpResponseCodec.createException(W3CHttpResponseCodec.java:187)
	at org.openqa.selenium.remote.http.W3CHttpResponseCodec.decode(W3CHttpResponseCodec.java:122)
	at org.openqa.selenium.remote.http.W3CHttpResponseCodec.decode(W3CHttpResponseCodec.java:49)
	at org.openqa.selenium.remote.HttpCommandExecutor.execute(HttpCommandExecutor.java:158)
	at org.openqa.selenium.remote.service.DriverCommandExecutor.execute(DriverCommandExecutor.java:83)
	at org.openqa.selenium.remote.RemoteWebDriver.execute(RemoteWebDriver.java:552)
	at org.openqa.selenium.remote.RemoteWebDriver.findElement(RemoteWebDriver.java:323)
	at org.openqa.selenium.remote.RemoteWebDriver.findElementByXPath(RemoteWebDriver.java:428)
	at org.openqa.selenium.By$ByXPath.findElement(By.java:353)
	at org.openqa.selenium.remote.RemoteWebDriver.findElement(RemoteWebDriver.java:315)
	at com.webaite.test.DataDrivenTest.negativeAdmin(DataDrivenTest.java:102)
	at sun.reflect.NativeMethodAccessorImpl.invoke0(Native Method)
	at sun.reflect.NativeMethodAccessorImpl.invoke(NativeMethodAccessorImpl.java:62)
	at sun.reflect.DelegatingMethodAccessorImpl.invoke(DelegatingMethodAccessorImpl.java:43)
	at java.lang.reflect.Method.invoke(Method.java:498)
	at org.testng.internal.MethodInvocationHelper.invokeMethod(MethodInvocationHelper.java:124)
	at org.testng.internal.Invoker.invokeMethod(Invoker.java:583)
	at org.testng.internal.Invoker.invokeTestMethod(Invoker.java:719)
	at org.testng.internal.Invoker.invokeTestMethods(Invoker.java:989)
	at org.testng.internal.TestMethodWorker.invokeTestMethods(TestMethodWorker.java:125)
	at org.testng.internal.TestMethodWorker.run(TestMethodWorker.java:109)
	at org.testng.TestRunner.privateRun(TestRunner.java:648)
	at org.testng.TestRunner.run(TestRunner.java:505)
	at org.testng.SuiteRunner.runTest(SuiteRunner.java:455)
	at org.testng.SuiteRunner.runSequentially(SuiteRunner.java:450)
	at org.testng.SuiteRunner.privateRun(SuiteRunner.java:415)
	at org.testng.SuiteRunner.run(SuiteRunner.java:364)
	at org.testng.SuiteRunnerWorker.runSuite(SuiteRunnerWorker.java:52)
	at org.testng.SuiteRunnerWorker.run(SuiteRunnerWorker.java:84)
	at org.testng.TestNG.runSuitesSequentially(TestNG.java:1208)
	at org.testng.TestNG.runSuitesLocally(TestNG.java:1137)
	at org.testng.TestNG.runSuites(TestNG.java:1049)
	at org.testng.TestNG.run(TestNG.java:1017)
	at org.testng.remote.AbstractRemoteTestNG.run(AbstractRemoteTestNG.java:114)
	at org.testng.remote.RemoteTestNG.initAndRun(RemoteTestNG.java:251)
	at org.testng.remote.RemoteTestNG.main(RemoteTestNG.java:77)
2020-05-25 21:31:06 INFO  BaseFram:69 - End a single test...
