<!DOCTYPE HTML PUBLIC "-//W3C//DTD HTML 4.01 Transitional//EN" "http://www.w3.org/TR/html4/loose.dtd">
<html>
<head>
<title>Selenium Logs</title>
<style type="text/css">
<!--
body, table {font-family: arial,sans-serif; font-size: x-small;}
th {background: #336699; color: #FFFFFF; text-align: left;}
-->
</style>
</head>
<body bgcolor="#FFFFFF" topmargin="6" leftmargin="6">
<hr size="1" noshade>
Log session start time Mon May 25 20:30:06 EDT 2020<br>
<br>
<table cellspacing="0" cellpadding="4" border="1" bordercolor="#224466" width="100%">
<tr>
<th>Time</th>
<th>Thread</th>
<th>Level</th>
<th>Category</th>
<th>File:Line</th>
<th>Message</th>
</tr>

<tr>
<td>0</td>
<td title="main thread">main</td>
<td title="Level">INFO</td>
<td title="com.website.base.BaseFram category">com.website.base.BaseFram</td>
<td>BaseFram.java:54</td>
<td title="Message">Start a single test...</td>
</tr>

<tr>
<td>7483</td>
<td title="main thread">main</td>
<td title="Level">INFO</td>
<td title="com.website.page.Homepage category">com.website.page.Homepage</td>
<td>Homepage.java:20</td>
<td title="Message">the title of th epage is Demo Script Test drive - PHPTRAVELS</td>
</tr>

<tr>
<td>7613</td>
<td title="main thread">main</td>
<td title="Level">INFO</td>
<td title="com.website.page.Homepage category">com.website.page.Homepage</td>
<td>Homepage.java:46</td>
<td title="Message">page will change to backend page</td>
</tr>

<tr>
<td>10671</td>
<td title="main thread">main</td>
<td title="Level">INFO</td>
<td title="com.website.page.BackendPage category">com.website.page.BackendPage</td>
<td>BackendPage.java:21</td>
<td title="Message">the title of th epage is Administator Login</td>
</tr>

<tr>
<td>19118</td>
<td title="main thread">main</td>
<td title="Level">INFO</td>
<td title="com.website.base.BaseFram category">com.website.base.BaseFram</td>
<td>BaseFram.java:69</td>
<td title="Message">End a single test...</td>
</tr>
<!DOCTYPE HTML PUBLIC "-//W3C//DTD HTML 4.01 Transitional//EN" "http://www.w3.org/TR/html4/loose.dtd">
<html>
<head>
<title>Selenium Logs</title>
<style type="text/css">
<!--
body, table {font-family: arial,sans-serif; font-size: x-small;}
th {background: #336699; color: #FFFFFF; text-align: left;}
-->
</style>
</head>
<body bgcolor="#FFFFFF" topmargin="6" leftmargin="6">
<hr size="1" noshade>
Log session start time Mon May 25 20:32:50 EDT 2020<br>
<br>
<table cellspacing="0" cellpadding="4" border="1" bordercolor="#224466" width="100%">
<tr>
<th>Time</th>
<th>Thread</th>
<th>Level</th>
<th>Category</th>
<th>File:Line</th>
<th>Message</th>
</tr>

<tr>
<td>0</td>
<td title="main thread">main</td>
<td title="Level">INFO</td>
<td title="com.website.base.BaseFram category">com.website.base.BaseFram</td>
<td>BaseFram.java:54</td>
<td title="Message">Start a single test...</td>
</tr>

<tr>
<td>7462</td>
<td title="main thread">main</td>
<td title="Level">INFO</td>
<td title="com.website.page.Homepage category">com.website.page.Homepage</td>
<td>Homepage.java:20</td>
<td title="Message">the title of th epage is Demo Script Test drive - PHPTRAVELS</td>
</tr>

<tr>
<td>7701</td>
<td title="main thread">main</td>
<td title="Level">INFO</td>
<td title="com.website.page.Homepage category">com.website.page.Homepage</td>
<td>Homepage.java:46</td>
<td title="Message">page will change to backend page</td>
</tr>

<tr>
<td>10942</td>
<td title="main thread">main</td>
<td title="Level">INFO</td>
<td title="com.website.page.BackendPage category">com.website.page.BackendPage</td>
<td>BackendPage.java:21</td>
<td title="Message">the title of th epage is Administator Login</td>
</tr>

<tr>
<td>20564</td>
<td title="main thread">main</td>
<td title="Level">INFO</td>
<td title="com.website.base.BaseFram category">com.website.base.BaseFram</td>
<td>BaseFram.java:69</td>
<td title="Message">End a single test...</td>
</tr>
<!DOCTYPE HTML PUBLIC "-//W3C//DTD HTML 4.01 Transitional//EN" "http://www.w3.org/TR/html4/loose.dtd">
<html>
<head>
<title>Selenium Logs</title>
<style type="text/css">
<!--
body, table {font-family: arial,sans-serif; font-size: x-small;}
th {background: #336699; color: #FFFFFF; text-align: left;}
-->
</style>
</head>
<body bgcolor="#FFFFFF" topmargin="6" leftmargin="6">
<hr size="1" noshade>
Log session start time Mon May 25 20:33:49 EDT 2020<br>
<br>
<table cellspacing="0" cellpadding="4" border="1" bordercolor="#224466" width="100%">
<tr>
<th>Time</th>
<th>Thread</th>
<th>Level</th>
<th>Category</th>
<th>File:Line</th>
<th>Message</th>
</tr>

<tr>
<td>0</td>
<td title="main thread">main</td>
<td title="Level">INFO</td>
<td title="com.website.base.BaseFram category">com.website.base.BaseFram</td>
<td>BaseFram.java:54</td>
<td title="Message">Start a single test...</td>
</tr>

<tr>
<td>7353</td>
<td title="main thread">main</td>
<td title="Level">INFO</td>
<td title="com.website.page.Homepage category">com.website.page.Homepage</td>
<td>Homepage.java:20</td>
<td title="Message">the title of th epage is Demo Script Test drive - PHPTRAVELS</td>
</tr>

<tr>
<td>7489</td>
<td title="main thread">main</td>
<td title="Level">INFO</td>
<td title="com.website.page.Homepage category">com.website.page.Homepage</td>
<td>Homepage.java:46</td>
<td title="Message">page will change to backend page</td>
</tr>

<tr>
<td>10595</td>
<td title="main thread">main</td>
<td title="Level">INFO</td>
<td title="com.website.page.BackendPage category">com.website.page.BackendPage</td>
<td>BackendPage.java:21</td>
<td title="Message">the title of th epage is Administator Login</td>
</tr>

<tr>
<td>19160</td>
<td title="main thread">main</td>
<td title="Level">INFO</td>
<td title="com.website.base.BaseFram category">com.website.base.BaseFram</td>
<td>BaseFram.java:69</td>
<td title="Message">End a single test...</td>
</tr>
<!DOCTYPE HTML PUBLIC "-//W3C//DTD HTML 4.01 Transitional//EN" "http://www.w3.org/TR/html4/loose.dtd">
<html>
<head>
<title>Selenium Logs</title>
<style type="text/css">
<!--
body, table {font-family: arial,sans-serif; font-size: x-small;}
th {background: #336699; color: #FFFFFF; text-align: left;}
-->
</style>
</head>
<body bgcolor="#FFFFFF" topmargin="6" leftmargin="6">
<hr size="1" noshade>
Log session start time Mon May 25 20:58:23 EDT 2020<br>
<br>
<table cellspacing="0" cellpadding="4" border="1" bordercolor="#224466" width="100%">
<tr>
<th>Time</th>
<th>Thread</th>
<th>Level</th>
<th>Category</th>
<th>File:Line</th>
<th>Message</th>
</tr>

<tr>
<td>0</td>
<td title="main thread">main</td>
<td title="Level">INFO</td>
<td title="com.website.base.BaseFram category">com.website.base.BaseFram</td>
<td>BaseFram.java:54</td>
<td title="Message">Start a single test...</td>
</tr>

<tr>
<td>9575</td>
<td title="main thread">main</td>
<td title="Level">INFO</td>
<td title="com.website.page.Homepage category">com.website.page.Homepage</td>
<td>Homepage.java:20</td>
<td title="Message">the title of th epage is Demo Script Test drive - PHPTRAVELS</td>
</tr>

<tr>
<td>10343</td>
<td title="main thread">main</td>
<td title="Level">INFO</td>
<td title="com.website.page.Homepage category">com.website.page.Homepage</td>
<td>Homepage.java:46</td>
<td title="Message">page will change to backend page</td>
</tr>

<tr>
<td>13568</td>
<td title="main thread">main</td>
<td title="Level">INFO</td>
<td title="com.website.page.BackendPage category">com.website.page.BackendPage</td>
<td>BackendPage.java:21</td>
<td title="Message">the title of th epage is Administator Login</td>
</tr>

<tr>
<td>25629</td>
<td title="main thread">main</td>
<td title="Level">INFO</td>
<td title="com.website.base.BaseFram category">com.website.base.BaseFram</td>
<td>BaseFram.java:69</td>
<td title="Message">End a single test...</td>
</tr>
<!DOCTYPE HTML PUBLIC "-//W3C//DTD HTML 4.01 Transitional//EN" "http://www.w3.org/TR/html4/loose.dtd">
<html>
<head>
<title>Selenium Logs</title>
<style type="text/css">
<!--
body, table {font-family: arial,sans-serif; font-size: x-small;}
th {background: #336699; color: #FFFFFF; text-align: left;}
-->
</style>
</head>
<body bgcolor="#FFFFFF" topmargin="6" leftmargin="6">
<hr size="1" noshade>
Log session start time Mon May 25 21:02:55 EDT 2020<br>
<br>
<table cellspacing="0" cellpadding="4" border="1" bordercolor="#224466" width="100%">
<tr>
<th>Time</th>
<th>Thread</th>
<th>Level</th>
<th>Category</th>
<th>File:Line</th>
<th>Message</th>
</tr>

<tr>
<td>0</td>
<td title="main thread">main</td>
<td title="Level">INFO</td>
<td title="com.website.base.BaseFram category">com.website.base.BaseFram</td>
<td>BaseFram.java:54</td>
<td title="Message">Start a single test...</td>
</tr>

<tr>
<td>8979</td>
<td title="main thread">main</td>
<td title="Level">INFO</td>
<td title="com.website.page.Homepage category">com.website.page.Homepage</td>
<td>Homepage.java:20</td>
<td title="Message">the title of th epage is Demo Script Test drive - PHPTRAVELS</td>
</tr>

<tr>
<td>9726</td>
<td title="main thread">main</td>
<td title="Level">INFO</td>
<td title="com.website.page.Homepage category">com.website.page.Homepage</td>
<td>Homepage.java:46</td>
<td title="Message">page will change to backend page</td>
</tr>

<tr>
<td>12944</td>
<td title="main thread">main</td>
<td title="Level">INFO</td>
<td title="com.website.page.BackendPage category">com.website.page.BackendPage</td>
<td>BackendPage.java:21</td>
<td title="Message">the title of th epage is Administator Login</td>
</tr>

<tr>
<td>28844</td>
<td title="main thread">main</td>
<td title="Level">INFO</td>
<td title="com.website.base.BaseFram category">com.website.base.BaseFram</td>
<td>BaseFram.java:69</td>
<td title="Message">End a single test...</td>
</tr>
<!DOCTYPE HTML PUBLIC "-//W3C//DTD HTML 4.01 Transitional//EN" "http://www.w3.org/TR/html4/loose.dtd">
<html>
<head>
<title>Selenium Logs</title>
<style type="text/css">
<!--
body, table {font-family: arial,sans-serif; font-size: x-small;}
th {background: #336699; color: #FFFFFF; text-align: left;}
-->
</style>
</head>
<body bgcolor="#FFFFFF" topmargin="6" leftmargin="6">
<hr size="1" noshade>
Log session start time Mon May 25 21:21:12 EDT 2020<br>
<br>
<table cellspacing="0" cellpadding="4" border="1" bordercolor="#224466" width="100%">
<tr>
<th>Time</th>
<th>Thread</th>
<th>Level</th>
<th>Category</th>
<th>File:Line</th>
<th>Message</th>
</tr>

<tr>
<td>0</td>
<td title="main thread">main</td>
<td title="Level">INFO</td>
<td title="com.website.utility.ExcelReader category">com.website.utility.ExcelReader</td>
<td>ExcelReader.java:70</td>
<td title="Message">Row:1, Col:0, Data: admin@phptravels.com</td>
</tr>

<tr>
<td>6</td>
<td title="main thread">main</td>
<td title="Level">INFO</td>
<td title="com.website.utility.ExcelReader category">com.website.utility.ExcelReader</td>
<td>ExcelReader.java:70</td>
<td title="Message">Row:1, Col:1, Data: demoadmi</td>
</tr>

<tr>
<td>7</td>
<td title="main thread">main</td>
<td title="Level">INFO</td>
<td title="com.website.utility.ExcelReader category">com.website.utility.ExcelReader</td>
<td>ExcelReader.java:70</td>
<td title="Message">Row:1, Col:2, Data: Invalid Login Credentials</td>
</tr>

<tr>
<td>8</td>
<td title="main thread">main</td>
<td title="Level">INFO</td>
<td title="com.website.utility.ExcelReader category">com.website.utility.ExcelReader</td>
<td>ExcelReader.java:70</td>
<td title="Message">Row:2, Col:0, Data: ad@phptravels.com</td>
</tr>

<tr>
<td>9</td>
<td title="main thread">main</td>
<td title="Level">INFO</td>
<td title="com.website.utility.ExcelReader category">com.website.utility.ExcelReader</td>
<td>ExcelReader.java:70</td>
<td title="Message">Row:2, Col:1, Data: demoadmin</td>
</tr>

<tr>
<td>9</td>
<td title="main thread">main</td>
<td title="Level">INFO</td>
<td title="com.website.utility.ExcelReader category">com.website.utility.ExcelReader</td>
<td>ExcelReader.java:70</td>
<td title="Message">Row:2, Col:2, Data: Invalid Login Credentials</td>
</tr>

<tr>
<td>10</td>
<td title="main thread">main</td>
<td title="Level">INFO</td>
<td title="com.website.utility.ExcelReader category">com.website.utility.ExcelReader</td>
<td>ExcelReader.java:70</td>
<td title="Message">Row:3, Col:0, Data:   </td>
</tr>

<tr>
<td>11</td>
<td title="main thread">main</td>
<td title="Level">INFO</td>
<td title="com.website.utility.ExcelReader category">com.website.utility.ExcelReader</td>
<td>ExcelReader.java:70</td>
<td title="Message">Row:3, Col:1, Data: demoadmin</td>
</tr>

<tr>
<td>12</td>
<td title="main thread">main</td>
<td title="Level">INFO</td>
<td title="com.website.utility.ExcelReader category">com.website.utility.ExcelReader</td>
<td>ExcelReader.java:70</td>
<td title="Message">Row:3, Col:2, Data: Invalid Login Credentials</td>
</tr>

<tr>
<td>13</td>
<td title="main thread">main</td>
<td title="Level">INFO</td>
<td title="com.website.utility.ExcelReader category">com.website.utility.ExcelReader</td>
<td>ExcelReader.java:70</td>
<td title="Message">Row:4, Col:0, Data: admin@phptravels.com</td>
</tr>

<tr>
<td>14</td>
<td title="main thread">main</td>
<td title="Level">INFO</td>
<td title="com.website.utility.ExcelReader category">com.website.utility.ExcelReader</td>
<td>ExcelReader.java:70</td>
<td title="Message">Row:4, Col:1, Data:   </td>
</tr>

<tr>
<td>14</td>
<td title="main thread">main</td>
<td title="Level">INFO</td>
<td title="com.website.utility.ExcelReader category">com.website.utility.ExcelReader</td>
<td>ExcelReader.java:70</td>
<td title="Message">Row:4, Col:2, Data: Invalid Login Credentials</td>
</tr>

<tr>
<td>15</td>
<td title="main thread">main</td>
<td title="Level">INFO</td>
<td title="com.website.utility.ExcelReader category">com.website.utility.ExcelReader</td>
<td>ExcelReader.java:70</td>
<td title="Message">Row:5, Col:0, Data:   </td>
</tr>

<tr>
<td>15</td>
<td title="main thread">main</td>
<td title="Level">INFO</td>
<td title="com.website.utility.ExcelReader category">com.website.utility.ExcelReader</td>
<td>ExcelReader.java:70</td>
<td title="Message">Row:5, Col:1, Data:   </td>
</tr>

<tr>
<td>16</td>
<td title="main thread">main</td>
<td title="Level">INFO</td>
<td title="com.website.utility.ExcelReader category">com.website.utility.ExcelReader</td>
<td>ExcelReader.java:70</td>
<td title="Message">Row:5, Col:2, Data: Invalid Login Credentials</td>
</tr>

<tr>
<td>28</td>
<td title="main thread">main</td>
<td title="Level">INFO</td>
<td title="com.website.base.BaseFram category">com.website.base.BaseFram</td>
<td>BaseFram.java:54</td>
<td title="Message">Start a single test...</td>
</tr>

<tr>
<td>11030</td>
<td title="main thread">main</td>
<td title="Level">INFO</td>
<td title="com.website.page.Homepage category">com.website.page.Homepage</td>
<td>Homepage.java:20</td>
<td title="Message">the title of th epage is Demo Script Test drive - PHPTRAVELS</td>
</tr>

<tr>
<td>12111</td>
<td title="main thread">main</td>
<td title="Level">INFO</td>
<td title="com.website.page.Homepage category">com.website.page.Homepage</td>
<td>Homepage.java:46</td>
<td title="Message">page will change to backend page</td>
</tr>

<tr>
<td>46292</td>
<td title="main thread">main</td>
<td title="Level"><font color="#993300"><strong>ERROR</strong></font></td>
<td title="com.webaite.test.DataDrivenTest category">com.webaite.test.DataDrivenTest</td>
<td>DataDrivenTest.java:108</td>
<td title="Message">Error: </td>
</tr>
<tr><td bgcolor="#993300" style="color:White; font-size : xx-small;" colspan="6">org.openqa.selenium.NoSuchElementException: no such element: Unable to locate element: {&quot;method&quot;:&quot;xpath&quot;,&quot;selector&quot;:&quot;/html/body/div[2]/form[1]/div[2]/div&quot;}
<br>&nbsp;&nbsp;&nbsp;&nbsp;  (Session info: chrome=81.0.4044.138)
<br>&nbsp;&nbsp;&nbsp;&nbsp;For documentation on this error, please visit: https://www.seleniumhq.org/exceptions/no_such_element.html
<br>&nbsp;&nbsp;&nbsp;&nbsp;Build info: version: '3.141.59', revision: 'e82be7d358', time: '2018-11-14T08:17:03'
<br>&nbsp;&nbsp;&nbsp;&nbsp;System info: host: 'LAPTOP-FEM2N9O3', ip: '192.168.99.1', os.name: 'Windows 10', os.arch: 'amd64', os.version: '10.0', java.version: '1.8.0_191'
<br>&nbsp;&nbsp;&nbsp;&nbsp;Driver info: org.openqa.selenium.chrome.ChromeDriver
<br>&nbsp;&nbsp;&nbsp;&nbsp;Capabilities {acceptInsecureCerts: false, browserName: chrome, browserVersion: 81.0.4044.138, chrome: {chromedriverVersion: 81.0.4044.138 (8c6c7ba89cc9..., userDataDir: C:\Users\nawar\AppData\Loca...}, goog:chromeOptions: {debuggerAddress: localhost:55808}, javascriptEnabled: true, networkConnectionEnabled: false, pageLoadStrategy: normal, platform: WINDOWS, platformName: WINDOWS, proxy: Proxy(), setWindowRect: true, strictFileInteractability: false, timeouts: {implicit: 0, pageLoad: 300000, script: 30000}, unhandledPromptBehavior: dismiss and notify, webauthn:virtualAuthenticators: true}
<br>&nbsp;&nbsp;&nbsp;&nbsp;Session ID: 010059d4374c3e253455eeacea95ebaa
<br>&nbsp;&nbsp;&nbsp;&nbsp;*** Element info: {Using=xpath, value=/html/body/div[2]/form[1]/div[2]/div}
<br>&nbsp;&nbsp;&nbsp;&nbsp;	at sun.reflect.NativeConstructorAccessorImpl.newInstance0(Native Method)
<br>&nbsp;&nbsp;&nbsp;&nbsp;	at sun.reflect.NativeConstructorAccessorImpl.newInstance(NativeConstructorAccessorImpl.java:62)
<br>&nbsp;&nbsp;&nbsp;&nbsp;	at sun.reflect.DelegatingConstructorAccessorImpl.newInstance(DelegatingConstructorAccessorImpl.java:45)
<br>&nbsp;&nbsp;&nbsp;&nbsp;	at java.lang.reflect.Constructor.newInstance(Constructor.java:423)
<br>&nbsp;&nbsp;&nbsp;&nbsp;	at org.openqa.selenium.remote.http.W3CHttpResponseCodec.createException(W3CHttpResponseCodec.java:187)
<br>&nbsp;&nbsp;&nbsp;&nbsp;	at org.openqa.selenium.remote.http.W3CHttpResponseCodec.decode(W3CHttpResponseCodec.java:122)
<br>&nbsp;&nbsp;&nbsp;&nbsp;	at org.openqa.selenium.remote.http.W3CHttpResponseCodec.decode(W3CHttpResponseCodec.java:49)
<br>&nbsp;&nbsp;&nbsp;&nbsp;	at org.openqa.selenium.remote.HttpCommandExecutor.execute(HttpCommandExecutor.java:158)
<br>&nbsp;&nbsp;&nbsp;&nbsp;	at org.openqa.selenium.remote.service.DriverCommandExecutor.execute(DriverCommandExecutor.java:83)
<br>&nbsp;&nbsp;&nbsp;&nbsp;	at org.openqa.selenium.remote.RemoteWebDriver.execute(RemoteWebDriver.java:552)
<br>&nbsp;&nbsp;&nbsp;&nbsp;	at org.openqa.selenium.remote.RemoteWebDriver.findElement(RemoteWebDriver.java:323)
<br>&nbsp;&nbsp;&nbsp;&nbsp;	at org.openqa.selenium.remote.RemoteWebDriver.findElementByXPath(RemoteWebDriver.java:428)
<br>&nbsp;&nbsp;&nbsp;&nbsp;	at org.openqa.selenium.By$ByXPath.findElement(By.java:353)
<br>&nbsp;&nbsp;&nbsp;&nbsp;	at org.openqa.selenium.remote.RemoteWebDriver.findElement(RemoteWebDriver.java:315)
<br>&nbsp;&nbsp;&nbsp;&nbsp;	at com.webaite.test.DataDrivenTest.negativeAdmin(DataDrivenTest.java:102)
<br>&nbsp;&nbsp;&nbsp;&nbsp;	at sun.reflect.NativeMethodAccessorImpl.invoke0(Native Method)
<br>&nbsp;&nbsp;&nbsp;&nbsp;	at sun.reflect.NativeMethodAccessorImpl.invoke(NativeMethodAccessorImpl.java:62)
<br>&nbsp;&nbsp;&nbsp;&nbsp;	at sun.reflect.DelegatingMethodAccessorImpl.invoke(DelegatingMethodAccessorImpl.java:43)
<br>&nbsp;&nbsp;&nbsp;&nbsp;	at java.lang.reflect.Method.invoke(Method.java:498)
<br>&nbsp;&nbsp;&nbsp;&nbsp;	at org.testng.internal.MethodInvocationHelper.invokeMethod(MethodInvocationHelper.java:124)
<br>&nbsp;&nbsp;&nbsp;&nbsp;	at org.testng.internal.Invoker.invokeMethod(Invoker.java:583)
<br>&nbsp;&nbsp;&nbsp;&nbsp;	at org.testng.internal.Invoker.invokeTestMethod(Invoker.java:719)
<br>&nbsp;&nbsp;&nbsp;&nbsp;	at org.testng.internal.Invoker.invokeTestMethods(Invoker.java:989)
<br>&nbsp;&nbsp;&nbsp;&nbsp;	at org.testng.internal.TestMethodWorker.invokeTestMethods(TestMethodWorker.java:125)
<br>&nbsp;&nbsp;&nbsp;&nbsp;	at org.testng.internal.TestMethodWorker.run(TestMethodWorker.java:109)
<br>&nbsp;&nbsp;&nbsp;&nbsp;	at org.testng.TestRunner.privateRun(TestRunner.java:648)
<br>&nbsp;&nbsp;&nbsp;&nbsp;	at org.testng.TestRunner.run(TestRunner.java:505)
<br>&nbsp;&nbsp;&nbsp;&nbsp;	at org.testng.SuiteRunner.runTest(SuiteRunner.java:455)
<br>&nbsp;&nbsp;&nbsp;&nbsp;	at org.testng.SuiteRunner.runSequentially(SuiteRunner.java:450)
<br>&nbsp;&nbsp;&nbsp;&nbsp;	at org.testng.SuiteRunner.privateRun(SuiteRunner.java:415)
<br>&nbsp;&nbsp;&nbsp;&nbsp;	at org.testng.SuiteRunner.run(SuiteRunner.java:364)
<br>&nbsp;&nbsp;&nbsp;&nbsp;	at org.testng.SuiteRunnerWorker.runSuite(SuiteRunnerWorker.java:52)
<br>&nbsp;&nbsp;&nbsp;&nbsp;	at org.testng.SuiteRunnerWorker.run(SuiteRunnerWorker.java:84)
<br>&nbsp;&nbsp;&nbsp;&nbsp;	at org.testng.TestNG.runSuitesSequentially(TestNG.java:1208)
<br>&nbsp;&nbsp;&nbsp;&nbsp;	at org.testng.TestNG.runSuitesLocally(TestNG.java:1137)
<br>&nbsp;&nbsp;&nbsp;&nbsp;	at org.testng.TestNG.runSuites(TestNG.java:1049)
<br>&nbsp;&nbsp;&nbsp;&nbsp;	at org.testng.TestNG.run(TestNG.java:1017)
<br>&nbsp;&nbsp;&nbsp;&nbsp;	at org.testng.remote.AbstractRemoteTestNG.run(AbstractRemoteTestNG.java:114)
<br>&nbsp;&nbsp;&nbsp;&nbsp;	at org.testng.remote.RemoteTestNG.initAndRun(RemoteTestNG.java:251)
<br>&nbsp;&nbsp;&nbsp;&nbsp;	at org.testng.remote.RemoteTestNG.main(RemoteTestNG.java:77)
</td></tr>

<tr>
<td>46323</td>
<td title="main thread">main</td>
<td title="Level">INFO</td>
<td title="com.website.base.BaseFram category">com.website.base.BaseFram</td>
<td>BaseFram.java:69</td>
<td title="Message">End a single test...</td>
</tr>

<tr>
<td>51326</td>
<td title="main thread">main</td>
<td title="Level">INFO</td>
<td title="com.website.base.BaseFram category">com.website.base.BaseFram</td>
<td>BaseFram.java:54</td>
<td title="Message">Start a single test...</td>
</tr>

<tr>
<td>59786</td>
<td title="main thread">main</td>
<td title="Level">INFO</td>
<td title="com.website.page.Homepage category">com.website.page.Homepage</td>
<td>Homepage.java:20</td>
<td title="Message">the title of th epage is Demo Script Test drive - PHPTRAVELS</td>
</tr>

<tr>
<td>60798</td>
<td title="main thread">main</td>
<td title="Level">INFO</td>
<td title="com.website.page.Homepage category">com.website.page.Homepage</td>
<td>Homepage.java:46</td>
<td title="Message">page will change to backend page</td>
</tr>

<tr>
<td>94850</td>
<td title="main thread">main</td>
<td title="Level"><font color="#993300"><strong>ERROR</strong></font></td>
<td title="com.webaite.test.DataDrivenTest category">com.webaite.test.DataDrivenTest</td>
<td>DataDrivenTest.java:108</td>
<td title="Message">Error: </td>
</tr>
<tr><td bgcolor="#993300" style="color:White; font-size : xx-small;" colspan="6">org.openqa.selenium.NoSuchElementException: no such element: Unable to locate element: {&quot;method&quot;:&quot;xpath&quot;,&quot;selector&quot;:&quot;/html/body/div[2]/form[1]/div[2]/div&quot;}
<br>&nbsp;&nbsp;&nbsp;&nbsp;  (Session info: chrome=81.0.4044.138)
<br>&nbsp;&nbsp;&nbsp;&nbsp;For documentation on this error, please visit: https://www.seleniumhq.org/exceptions/no_such_element.html
<br>&nbsp;&nbsp;&nbsp;&nbsp;Build info: version: '3.141.59', revision: 'e82be7d358', time: '2018-11-14T08:17:03'
<br>&nbsp;&nbsp;&nbsp;&nbsp;System info: host: 'LAPTOP-FEM2N9O3', ip: '192.168.99.1', os.name: 'Windows 10', os.arch: 'amd64', os.version: '10.0', java.version: '1.8.0_191'
<br>&nbsp;&nbsp;&nbsp;&nbsp;Driver info: org.openqa.selenium.chrome.ChromeDriver
<br>&nbsp;&nbsp;&nbsp;&nbsp;Capabilities {acceptInsecureCerts: false, browserName: chrome, browserVersion: 81.0.4044.138, chrome: {chromedriverVersion: 81.0.4044.138 (8c6c7ba89cc9..., userDataDir: C:\Users\nawar\AppData\Loca...}, goog:chromeOptions: {debuggerAddress: localhost:55908}, javascriptEnabled: true, networkConnectionEnabled: false, pageLoadStrategy: normal, platform: WINDOWS, platformName: WINDOWS, proxy: Proxy(), setWindowRect: true, strictFileInteractability: false, timeouts: {implicit: 0, pageLoad: 300000, script: 30000}, unhandledPromptBehavior: dismiss and notify, webauthn:virtualAuthenticators: true}
<br>&nbsp;&nbsp;&nbsp;&nbsp;Session ID: 39649b9bd877ffc78373618bc5b36cb6
<br>&nbsp;&nbsp;&nbsp;&nbsp;*** Element info: {Using=xpath, value=/html/body/div[2]/form[1]/div[2]/div}
<br>&nbsp;&nbsp;&nbsp;&nbsp;	at sun.reflect.NativeConstructorAccessorImpl.newInstance0(Native Method)
<br>&nbsp;&nbsp;&nbsp;&nbsp;	at sun.reflect.NativeConstructorAccessorImpl.newInstance(NativeConstructorAccessorImpl.java:62)
<br>&nbsp;&nbsp;&nbsp;&nbsp;	at sun.reflect.DelegatingConstructorAccessorImpl.newInstance(DelegatingConstructorAccessorImpl.java:45)
<br>&nbsp;&nbsp;&nbsp;&nbsp;	at java.lang.reflect.Constructor.newInstance(Constructor.java:423)
<br>&nbsp;&nbsp;&nbsp;&nbsp;	at org.openqa.selenium.remote.http.W3CHttpResponseCodec.createException(W3CHttpResponseCodec.java:187)
<br>&nbsp;&nbsp;&nbsp;&nbsp;	at org.openqa.selenium.remote.http.W3CHttpResponseCodec.decode(W3CHttpResponseCodec.java:122)
<br>&nbsp;&nbsp;&nbsp;&nbsp;	at org.openqa.selenium.remote.http.W3CHttpResponseCodec.decode(W3CHttpResponseCodec.java:49)
<br>&nbsp;&nbsp;&nbsp;&nbsp;	at org.openqa.selenium.remote.HttpCommandExecutor.execute(HttpCommandExecutor.java:158)
<br>&nbsp;&nbsp;&nbsp;&nbsp;	at org.openqa.selenium.remote.service.DriverCommandExecutor.execute(DriverCommandExecutor.java:83)
<br>&nbsp;&nbsp;&nbsp;&nbsp;	at org.openqa.selenium.remote.RemoteWebDriver.execute(RemoteWebDriver.java:552)
<br>&nbsp;&nbsp;&nbsp;&nbsp;	at org.openqa.selenium.remote.RemoteWebDriver.findElement(RemoteWebDriver.java:323)
<br>&nbsp;&nbsp;&nbsp;&nbsp;	at org.openqa.selenium.remote.RemoteWebDriver.findElementByXPath(RemoteWebDriver.java:428)
<br>&nbsp;&nbsp;&nbsp;&nbsp;	at org.openqa.selenium.By$ByXPath.findElement(By.java:353)
<br>&nbsp;&nbsp;&nbsp;&nbsp;	at org.openqa.selenium.remote.RemoteWebDriver.findElement(RemoteWebDriver.java:315)
<br>&nbsp;&nbsp;&nbsp;&nbsp;	at com.webaite.test.DataDrivenTest.negativeAdmin(DataDrivenTest.java:102)
<br>&nbsp;&nbsp;&nbsp;&nbsp;	at sun.reflect.NativeMethodAccessorImpl.invoke0(Native Method)
<br>&nbsp;&nbsp;&nbsp;&nbsp;	at sun.reflect.NativeMethodAccessorImpl.invoke(NativeMethodAccessorImpl.java:62)
<br>&nbsp;&nbsp;&nbsp;&nbsp;	at sun.reflect.DelegatingMethodAccessorImpl.invoke(DelegatingMethodAccessorImpl.java:43)
<br>&nbsp;&nbsp;&nbsp;&nbsp;	at java.lang.reflect.Method.invoke(Method.java:498)
<br>&nbsp;&nbsp;&nbsp;&nbsp;	at org.testng.internal.MethodInvocationHelper.invokeMethod(MethodInvocationHelper.java:124)
<br>&nbsp;&nbsp;&nbsp;&nbsp;	at org.testng.internal.Invoker.invokeMethod(Invoker.java:583)
<br>&nbsp;&nbsp;&nbsp;&nbsp;	at org.testng.internal.Invoker.invokeTestMethod(Invoker.java:719)
<br>&nbsp;&nbsp;&nbsp;&nbsp;	at org.testng.internal.Invoker.invokeTestMethods(Invoker.java:989)
<br>&nbsp;&nbsp;&nbsp;&nbsp;	at org.testng.internal.TestMethodWorker.invokeTestMethods(TestMethodWorker.java:125)
<br>&nbsp;&nbsp;&nbsp;&nbsp;	at org.testng.internal.TestMethodWorker.run(TestMethodWorker.java:109)
<br>&nbsp;&nbsp;&nbsp;&nbsp;	at org.testng.TestRunner.privateRun(TestRunner.java:648)
<br>&nbsp;&nbsp;&nbsp;&nbsp;	at org.testng.TestRunner.run(TestRunner.java:505)
<br>&nbsp;&nbsp;&nbsp;&nbsp;	at org.testng.SuiteRunner.runTest(SuiteRunner.java:455)
<br>&nbsp;&nbsp;&nbsp;&nbsp;	at org.testng.SuiteRunner.runSequentially(SuiteRunner.java:450)
<br>&nbsp;&nbsp;&nbsp;&nbsp;	at org.testng.SuiteRunner.privateRun(SuiteRunner.java:415)
<br>&nbsp;&nbsp;&nbsp;&nbsp;	at org.testng.SuiteRunner.run(SuiteRunner.java:364)
<br>&nbsp;&nbsp;&nbsp;&nbsp;	at org.testng.SuiteRunnerWorker.runSuite(SuiteRunnerWorker.java:52)
<br>&nbsp;&nbsp;&nbsp;&nbsp;	at org.testng.SuiteRunnerWorker.run(SuiteRunnerWorker.java:84)
<br>&nbsp;&nbsp;&nbsp;&nbsp;	at org.testng.TestNG.runSuitesSequentially(TestNG.java:1208)
<br>&nbsp;&nbsp;&nbsp;&nbsp;	at org.testng.TestNG.runSuitesLocally(TestNG.java:1137)
<br>&nbsp;&nbsp;&nbsp;&nbsp;	at org.testng.TestNG.runSuites(TestNG.java:1049)
<br>&nbsp;&nbsp;&nbsp;&nbsp;	at org.testng.TestNG.run(TestNG.java:1017)
<br>&nbsp;&nbsp;&nbsp;&nbsp;	at org.testng.remote.AbstractRemoteTestNG.run(AbstractRemoteTestNG.java:114)
<br>&nbsp;&nbsp;&nbsp;&nbsp;	at org.testng.remote.RemoteTestNG.initAndRun(RemoteTestNG.java:251)
<br>&nbsp;&nbsp;&nbsp;&nbsp;	at org.testng.remote.RemoteTestNG.main(RemoteTestNG.java:77)
</td></tr>

<tr>
<td>94861</td>
<td title="main thread">main</td>
<td title="Level">INFO</td>
<td title="com.website.base.BaseFram category">com.website.base.BaseFram</td>
<td>BaseFram.java:69</td>
<td title="Message">End a single test...</td>
</tr>

<tr>
<td>99863</td>
<td title="main thread">main</td>
<td title="Level">INFO</td>
<td title="com.website.base.BaseFram category">com.website.base.BaseFram</td>
<td>BaseFram.java:54</td>
<td title="Message">Start a single test...</td>
</tr>

<tr>
<td>108926</td>
<td title="main thread">main</td>
<td title="Level">INFO</td>
<td title="com.website.page.Homepage category">com.website.page.Homepage</td>
<td>Homepage.java:20</td>
<td title="Message">the title of th epage is Demo Script Test drive - PHPTRAVELS</td>
</tr>

<tr>
<td>110849</td>
<td title="main thread">main</td>
<td title="Level">INFO</td>
<td title="com.website.page.Homepage category">com.website.page.Homepage</td>
<td>Homepage.java:46</td>
<td title="Message">page will change to backend page</td>
</tr>
<!DOCTYPE HTML PUBLIC "-//W3C//DTD HTML 4.01 Transitional//EN" "http://www.w3.org/TR/html4/loose.dtd">
<html>
<head>
<title>Selenium Logs</title>
<style type="text/css">
<!--
body, table {font-family: arial,sans-serif; font-size: x-small;}
th {background: #336699; color: #FFFFFF; text-align: left;}
-->
</style>
</head>
<body bgcolor="#FFFFFF" topmargin="6" leftmargin="6">
<hr size="1" noshade>
Log session start time Mon May 25 21:24:29 EDT 2020<br>
<br>
<table cellspacing="0" cellpadding="4" border="1" bordercolor="#224466" width="100%">
<tr>
<th>Time</th>
<th>Thread</th>
<th>Level</th>
<th>Category</th>
<th>File:Line</th>
<th>Message</th>
</tr>

<tr>
<td>1</td>
<td title="main thread">main</td>
<td title="Level">INFO</td>
<td title="com.website.utility.ExcelReader category">com.website.utility.ExcelReader</td>
<td>ExcelReader.java:70</td>
<td title="Message">Row:1, Col:0, Data: use@phptravels.com</td>
</tr>

<tr>
<td>16</td>
<td title="main thread">main</td>
<td title="Level">INFO</td>
<td title="com.website.utility.ExcelReader category">com.website.utility.ExcelReader</td>
<td>ExcelReader.java:70</td>
<td title="Message">Row:1, Col:1, Data: demouser</td>
</tr>

<tr>
<td>17</td>
<td title="main thread">main</td>
<td title="Level">INFO</td>
<td title="com.website.utility.ExcelReader category">com.website.utility.ExcelReader</td>
<td>ExcelReader.java:70</td>
<td title="Message">Row:1, Col:2, Data: Invalid Email or Password</td>
</tr>

<tr>
<td>19</td>
<td title="main thread">main</td>
<td title="Level">INFO</td>
<td title="com.website.utility.ExcelReader category">com.website.utility.ExcelReader</td>
<td>ExcelReader.java:70</td>
<td title="Message">Row:2, Col:0, Data: user@phptravels.com</td>
</tr>

<tr>
<td>20</td>
<td title="main thread">main</td>
<td title="Level">INFO</td>
<td title="com.website.utility.ExcelReader category">com.website.utility.ExcelReader</td>
<td>ExcelReader.java:70</td>
<td title="Message">Row:2, Col:1, Data: demouse</td>
</tr>

<tr>
<td>21</td>
<td title="main thread">main</td>
<td title="Level">INFO</td>
<td title="com.website.utility.ExcelReader category">com.website.utility.ExcelReader</td>
<td>ExcelReader.java:70</td>
<td title="Message">Row:2, Col:2, Data: Invalid Email or Password</td>
</tr>

<tr>
<td>22</td>
<td title="main thread">main</td>
<td title="Level">INFO</td>
<td title="com.website.utility.ExcelReader category">com.website.utility.ExcelReader</td>
<td>ExcelReader.java:70</td>
<td title="Message">Row:3, Col:0, Data:  </td>
</tr>

<tr>
<td>24</td>
<td title="main thread">main</td>
<td title="Level">INFO</td>
<td title="com.website.utility.ExcelReader category">com.website.utility.ExcelReader</td>
<td>ExcelReader.java:70</td>
<td title="Message">Row:3, Col:1, Data: demouser</td>
</tr>

<tr>
<td>26</td>
<td title="main thread">main</td>
<td title="Level">INFO</td>
<td title="com.website.utility.ExcelReader category">com.website.utility.ExcelReader</td>
<td>ExcelReader.java:70</td>
<td title="Message">Row:3, Col:2, Data: Invalid Email or Password</td>
</tr>

<tr>
<td>27</td>
<td title="main thread">main</td>
<td title="Level">INFO</td>
<td title="com.website.utility.ExcelReader category">com.website.utility.ExcelReader</td>
<td>ExcelReader.java:70</td>
<td title="Message">Row:4, Col:0, Data: user@phptravels.com</td>
</tr>

<tr>
<td>28</td>
<td title="main thread">main</td>
<td title="Level">INFO</td>
<td title="com.website.utility.ExcelReader category">com.website.utility.ExcelReader</td>
<td>ExcelReader.java:70</td>
<td title="Message">Row:4, Col:1, Data:  </td>
</tr>

<tr>
<td>28</td>
<td title="main thread">main</td>
<td title="Level">INFO</td>
<td title="com.website.utility.ExcelReader category">com.website.utility.ExcelReader</td>
<td>ExcelReader.java:70</td>
<td title="Message">Row:4, Col:2, Data: Invalid Email or Password</td>
</tr>

<tr>
<td>29</td>
<td title="main thread">main</td>
<td title="Level">INFO</td>
<td title="com.website.utility.ExcelReader category">com.website.utility.ExcelReader</td>
<td>ExcelReader.java:70</td>
<td title="Message">Row:5, Col:0, Data:  </td>
</tr>

<tr>
<td>30</td>
<td title="main thread">main</td>
<td title="Level">INFO</td>
<td title="com.website.utility.ExcelReader category">com.website.utility.ExcelReader</td>
<td>ExcelReader.java:70</td>
<td title="Message">Row:5, Col:1, Data:  </td>
</tr>

<tr>
<td>31</td>
<td title="main thread">main</td>
<td title="Level">INFO</td>
<td title="com.website.utility.ExcelReader category">com.website.utility.ExcelReader</td>
<td>ExcelReader.java:70</td>
<td title="Message">Row:5, Col:2, Data: Invalid Email or Password</td>
</tr>

<tr>
<td>42</td>
<td title="main thread">main</td>
<td title="Level">INFO</td>
<td title="com.website.base.BaseFram category">com.website.base.BaseFram</td>
<td>BaseFram.java:54</td>
<td title="Message">Start a single test...</td>
</tr>

<tr>
<td>11965</td>
<td title="main thread">main</td>
<td title="Level">INFO</td>
<td title="com.website.page.Homepage category">com.website.page.Homepage</td>
<td>Homepage.java:20</td>
<td title="Message">the title of th epage is Demo Script Test drive - PHPTRAVELS</td>
</tr>

<tr>
<td>13058</td>
<td title="main thread">main</td>
<td title="Level">INFO</td>
<td title="com.website.page.Homepage category">com.website.page.Homepage</td>
<td>Homepage.java:34</td>
<td title="Message">page will change to fornt end page</td>
</tr>

<tr>
<td>19415</td>
<td title="main thread">main</td>
<td title="Level">INFO</td>
<td title="com.website.page.FrontendPage category">com.website.page.FrontendPage</td>
<td>FrontendPage.java:64</td>
<td title="Message">this will go to login page</td>
</tr>

<tr>
<td>23093</td>
<td title="main thread">main</td>
<td title="Level">INFO</td>
<td title="com.webaite.test.DataDrivenTest category">com.webaite.test.DataDrivenTest</td>
<td>DataDrivenTest.java:56</td>
<td title="Message">Test Scenario: 1Result:[Invalid Email or PasswordExpected: [Invalid Email or Password]</td>
</tr>

<tr>
<td>23101</td>
<td title="main thread">main</td>
<td title="Level">INFO</td>
<td title="com.website.base.BaseFram category">com.website.base.BaseFram</td>
<td>BaseFram.java:69</td>
<td title="Message">End a single test...</td>
</tr>

<tr>
<td>28103</td>
<td title="main thread">main</td>
<td title="Level">INFO</td>
<td title="com.website.base.BaseFram category">com.website.base.BaseFram</td>
<td>BaseFram.java:54</td>
<td title="Message">Start a single test...</td>
</tr>

<tr>
<td>36897</td>
<td title="main thread">main</td>
<td title="Level">INFO</td>
<td title="com.website.page.Homepage category">com.website.page.Homepage</td>
<td>Homepage.java:20</td>
<td title="Message">the title of th epage is Demo Script Test drive - PHPTRAVELS</td>
</tr>

<tr>
<td>38608</td>
<td title="main thread">main</td>
<td title="Level">INFO</td>
<td title="com.website.page.Homepage category">com.website.page.Homepage</td>
<td>Homepage.java:34</td>
<td title="Message">page will change to fornt end page</td>
</tr>

<tr>
<td>44037</td>
<td title="main thread">main</td>
<td title="Level">INFO</td>
<td title="com.website.page.FrontendPage category">com.website.page.FrontendPage</td>
<td>FrontendPage.java:64</td>
<td title="Message">this will go to login page</td>
</tr>

<tr>
<td>47699</td>
<td title="main thread">main</td>
<td title="Level">INFO</td>
<td title="com.webaite.test.DataDrivenTest category">com.webaite.test.DataDrivenTest</td>
<td>DataDrivenTest.java:56</td>
<td title="Message">Test Scenario: 2Result:[Invalid Email or PasswordExpected: [Invalid Email or Password]</td>
</tr>

<tr>
<td>47702</td>
<td title="main thread">main</td>
<td title="Level">INFO</td>
<td title="com.website.base.BaseFram category">com.website.base.BaseFram</td>
<td>BaseFram.java:69</td>
<td title="Message">End a single test...</td>
</tr>

<tr>
<td>52707</td>
<td title="main thread">main</td>
<td title="Level">INFO</td>
<td title="com.website.base.BaseFram category">com.website.base.BaseFram</td>
<td>BaseFram.java:54</td>
<td title="Message">Start a single test...</td>
</tr>

<tr>
<td>61460</td>
<td title="main thread">main</td>
<td title="Level">INFO</td>
<td title="com.website.page.Homepage category">com.website.page.Homepage</td>
<td>Homepage.java:20</td>
<td title="Message">the title of th epage is Demo Script Test drive - PHPTRAVELS</td>
</tr>

<tr>
<td>62929</td>
<td title="main thread">main</td>
<td title="Level">INFO</td>
<td title="com.website.page.Homepage category">com.website.page.Homepage</td>
<td>Homepage.java:34</td>
<td title="Message">page will change to fornt end page</td>
</tr>

<tr>
<td>69573</td>
<td title="main thread">main</td>
<td title="Level">INFO</td>
<td title="com.website.page.FrontendPage category">com.website.page.FrontendPage</td>
<td>FrontendPage.java:64</td>
<td title="Message">this will go to login page</td>
</tr>

<tr>
<td>73948</td>
<td title="main thread">main</td>
<td title="Level">INFO</td>
<td title="com.webaite.test.DataDrivenTest category">com.webaite.test.DataDrivenTest</td>
<td>DataDrivenTest.java:56</td>
<td title="Message">Test Scenario: 3Result:[Invalid Email or PasswordExpected: [Invalid Email or Password]</td>
</tr>

<tr>
<td>73953</td>
<td title="main thread">main</td>
<td title="Level">INFO</td>
<td title="com.website.base.BaseFram category">com.website.base.BaseFram</td>
<td>BaseFram.java:69</td>
<td title="Message">End a single test...</td>
</tr>

<tr>
<td>78954</td>
<td title="main thread">main</td>
<td title="Level">INFO</td>
<td title="com.website.base.BaseFram category">com.website.base.BaseFram</td>
<td>BaseFram.java:54</td>
<td title="Message">Start a single test...</td>
</tr>

<tr>
<td>87936</td>
<td title="main thread">main</td>
<td title="Level">INFO</td>
<td title="com.website.page.Homepage category">com.website.page.Homepage</td>
<td>Homepage.java:20</td>
<td title="Message">the title of th epage is Demo Script Test drive - PHPTRAVELS</td>
</tr>

<tr>
<td>88143</td>
<td title="main thread">main</td>
<td title="Level">INFO</td>
<td title="com.website.page.Homepage category">com.website.page.Homepage</td>
<td>Homepage.java:34</td>
<td title="Message">page will change to fornt end page</td>
</tr>

<tr>
<td>102161</td>
<td title="main thread">main</td>
<td title="Level">INFO</td>
<td title="com.website.page.FrontendPage category">com.website.page.FrontendPage</td>
<td>FrontendPage.java:64</td>
<td title="Message">this will go to login page</td>
</tr>

<tr>
<td>106928</td>
<td title="main thread">main</td>
<td title="Level">INFO</td>
<td title="com.webaite.test.DataDrivenTest category">com.webaite.test.DataDrivenTest</td>
<td>DataDrivenTest.java:56</td>
<td title="Message">Test Scenario: 4Result:[Invalid Email or PasswordExpected: [Invalid Email or Password]</td>
</tr>

<tr>
<td>106933</td>
<td title="main thread">main</td>
<td title="Level">INFO</td>
<td title="com.website.base.BaseFram category">com.website.base.BaseFram</td>
<td>BaseFram.java:69</td>
<td title="Message">End a single test...</td>
</tr>

<tr>
<td>111933</td>
<td title="main thread">main</td>
<td title="Level">INFO</td>
<td title="com.website.base.BaseFram category">com.website.base.BaseFram</td>
<td>BaseFram.java:54</td>
<td title="Message">Start a single test...</td>
</tr>

<tr>
<td>120301</td>
<td title="main thread">main</td>
<td title="Level">INFO</td>
<td title="com.website.page.Homepage category">com.website.page.Homepage</td>
<td>Homepage.java:20</td>
<td title="Message">the title of th epage is Demo Script Test drive - PHPTRAVELS</td>
</tr>

<tr>
<td>120617</td>
<td title="main thread">main</td>
<td title="Level">INFO</td>
<td title="com.website.page.Homepage category">com.website.page.Homepage</td>
<td>Homepage.java:34</td>
<td title="Message">page will change to fornt end page</td>
</tr>

<tr>
<td>132704</td>
<td title="main thread">main</td>
<td title="Level">INFO</td>
<td title="com.website.page.FrontendPage category">com.website.page.FrontendPage</td>
<td>FrontendPage.java:64</td>
<td title="Message">this will go to login page</td>
</tr>

<tr>
<td>136763</td>
<td title="main thread">main</td>
<td title="Level">INFO</td>
<td title="com.webaite.test.DataDrivenTest category">com.webaite.test.DataDrivenTest</td>
<td>DataDrivenTest.java:56</td>
<td title="Message">Test Scenario: 5Result:[Invalid Email or PasswordExpected: [Invalid Email or Password]</td>
</tr>

<tr>
<td>136766</td>
<td title="main thread">main</td>
<td title="Level">INFO</td>
<td title="com.website.base.BaseFram category">com.website.base.BaseFram</td>
<td>BaseFram.java:69</td>
<td title="Message">End a single test...</td>
</tr>

<tr>
<td>141867</td>
<td title="main thread">main</td>
<td title="Level">INFO</td>
<td title="com.website.utility.ExcelReader category">com.website.utility.ExcelReader</td>
<td>ExcelReader.java:70</td>
<td title="Message">Row:1, Col:0, Data: admin@phptravels.com</td>
</tr>

<tr>
<td>141868</td>
<td title="main thread">main</td>
<td title="Level">INFO</td>
<td title="com.website.utility.ExcelReader category">com.website.utility.ExcelReader</td>
<td>ExcelReader.java:70</td>
<td title="Message">Row:1, Col:1, Data: demoadmi</td>
</tr>

<tr>
<td>141868</td>
<td title="main thread">main</td>
<td title="Level">INFO</td>
<td title="com.website.utility.ExcelReader category">com.website.utility.ExcelReader</td>
<td>ExcelReader.java:70</td>
<td title="Message">Row:1, Col:2, Data: Invalid Login Credentials</td>
</tr>

<tr>
<td>141869</td>
<td title="main thread">main</td>
<td title="Level">INFO</td>
<td title="com.website.utility.ExcelReader category">com.website.utility.ExcelReader</td>
<td>ExcelReader.java:70</td>
<td title="Message">Row:2, Col:0, Data: ad@phptravels.com</td>
</tr>

<tr>
<td>141870</td>
<td title="main thread">main</td>
<td title="Level">INFO</td>
<td title="com.website.utility.ExcelReader category">com.website.utility.ExcelReader</td>
<td>ExcelReader.java:70</td>
<td title="Message">Row:2, Col:1, Data: demoadmin</td>
</tr>

<tr>
<td>141878</td>
<td title="main thread">main</td>
<td title="Level">INFO</td>
<td title="com.website.utility.ExcelReader category">com.website.utility.ExcelReader</td>
<td>ExcelReader.java:70</td>
<td title="Message">Row:2, Col:2, Data: Invalid Login Credentials</td>
</tr>

<tr>
<td>141880</td>
<td title="main thread">main</td>
<td title="Level">INFO</td>
<td title="com.website.utility.ExcelReader category">com.website.utility.ExcelReader</td>
<td>ExcelReader.java:70</td>
<td title="Message">Row:3, Col:0, Data:   </td>
</tr>

<tr>
<td>141882</td>
<td title="main thread">main</td>
<td title="Level">INFO</td>
<td title="com.website.utility.ExcelReader category">com.website.utility.ExcelReader</td>
<td>ExcelReader.java:70</td>
<td title="Message">Row:3, Col:1, Data: demoadmin</td>
</tr>

<tr>
<td>141883</td>
<td title="main thread">main</td>
<td title="Level">INFO</td>
<td title="com.website.utility.ExcelReader category">com.website.utility.ExcelReader</td>
<td>ExcelReader.java:70</td>
<td title="Message">Row:3, Col:2, Data: Invalid Login Credentials</td>
</tr>

<tr>
<td>141886</td>
<td title="main thread">main</td>
<td title="Level">INFO</td>
<td title="com.website.utility.ExcelReader category">com.website.utility.ExcelReader</td>
<td>ExcelReader.java:70</td>
<td title="Message">Row:4, Col:0, Data: admin@phptravels.com</td>
</tr>

<tr>
<td>141887</td>
<td title="main thread">main</td>
<td title="Level">INFO</td>
<td title="com.website.utility.ExcelReader category">com.website.utility.ExcelReader</td>
<td>ExcelReader.java:70</td>
<td title="Message">Row:4, Col:1, Data:   </td>
</tr>

<tr>
<td>141888</td>
<td title="main thread">main</td>
<td title="Level">INFO</td>
<td title="com.website.utility.ExcelReader category">com.website.utility.ExcelReader</td>
<td>ExcelReader.java:70</td>
<td title="Message">Row:4, Col:2, Data: Invalid Login Credentials</td>
</tr>

<tr>
<td>141890</td>
<td title="main thread">main</td>
<td title="Level">INFO</td>
<td title="com.website.utility.ExcelReader category">com.website.utility.ExcelReader</td>
<td>ExcelReader.java:70</td>
<td title="Message">Row:5, Col:0, Data:   </td>
</tr>

<tr>
<td>141892</td>
<td title="main thread">main</td>
<td title="Level">INFO</td>
<td title="com.website.utility.ExcelReader category">com.website.utility.ExcelReader</td>
<td>ExcelReader.java:70</td>
<td title="Message">Row:5, Col:1, Data:   </td>
</tr>

<tr>
<td>141893</td>
<td title="main thread">main</td>
<td title="Level">INFO</td>
<td title="com.website.utility.ExcelReader category">com.website.utility.ExcelReader</td>
<td>ExcelReader.java:70</td>
<td title="Message">Row:5, Col:2, Data: Invalid Login Credentials</td>
</tr>

<tr>
<td>141894</td>
<td title="main thread">main</td>
<td title="Level">INFO</td>
<td title="com.website.base.BaseFram category">com.website.base.BaseFram</td>
<td>BaseFram.java:54</td>
<td title="Message">Start a single test...</td>
</tr>

<tr>
<td>149734</td>
<td title="main thread">main</td>
<td title="Level">INFO</td>
<td title="com.website.page.Homepage category">com.website.page.Homepage</td>
<td>Homepage.java:20</td>
<td title="Message">the title of th epage is Demo Script Test drive - PHPTRAVELS</td>
</tr>

<tr>
<td>150032</td>
<td title="main thread">main</td>
<td title="Level">INFO</td>
<td title="com.website.page.Homepage category">com.website.page.Homepage</td>
<td>Homepage.java:46</td>
<td title="Message">page will change to backend page</td>
</tr>

<tr>
<td>183484</td>
<td title="main thread">main</td>
<td title="Level"><font color="#993300"><strong>ERROR</strong></font></td>
<td title="com.webaite.test.DataDrivenTest category">com.webaite.test.DataDrivenTest</td>
<td>DataDrivenTest.java:108</td>
<td title="Message">Error: </td>
</tr>
<tr><td bgcolor="#993300" style="color:White; font-size : xx-small;" colspan="6">org.openqa.selenium.NoSuchElementException: no such element: Unable to locate element: {&quot;method&quot;:&quot;xpath&quot;,&quot;selector&quot;:&quot;/html/body/div[2]/form[1]/div[2]/div&quot;}
<br>&nbsp;&nbsp;&nbsp;&nbsp;  (Session info: chrome=81.0.4044.138)
<br>&nbsp;&nbsp;&nbsp;&nbsp;For documentation on this error, please visit: https://www.seleniumhq.org/exceptions/no_such_element.html
<br>&nbsp;&nbsp;&nbsp;&nbsp;Build info: version: '3.141.59', revision: 'e82be7d358', time: '2018-11-14T08:17:03'
<br>&nbsp;&nbsp;&nbsp;&nbsp;System info: host: 'LAPTOP-FEM2N9O3', ip: '192.168.99.1', os.name: 'Windows 10', os.arch: 'amd64', os.version: '10.0', java.version: '1.8.0_191'
<br>&nbsp;&nbsp;&nbsp;&nbsp;Driver info: org.openqa.selenium.chrome.ChromeDriver
<br>&nbsp;&nbsp;&nbsp;&nbsp;Capabilities {acceptInsecureCerts: false, browserName: chrome, browserVersion: 81.0.4044.138, chrome: {chromedriverVersion: 81.0.4044.138 (8c6c7ba89cc9..., userDataDir: C:\Users\nawar\AppData\Loca...}, goog:chromeOptions: {debuggerAddress: localhost:56852}, javascriptEnabled: true, networkConnectionEnabled: false, pageLoadStrategy: normal, platform: WINDOWS, platformName: WINDOWS, proxy: Proxy(), setWindowRect: true, strictFileInteractability: false, timeouts: {implicit: 0, pageLoad: 300000, script: 30000}, unhandledPromptBehavior: dismiss and notify, webauthn:virtualAuthenticators: true}
<br>&nbsp;&nbsp;&nbsp;&nbsp;Session ID: 4a46aabb01fbbb8c400e7289789f3506
<br>&nbsp;&nbsp;&nbsp;&nbsp;*** Element info: {Using=xpath, value=/html/body/div[2]/form[1]/div[2]/div}
<br>&nbsp;&nbsp;&nbsp;&nbsp;	at sun.reflect.NativeConstructorAccessorImpl.newInstance0(Native Method)
<br>&nbsp;&nbsp;&nbsp;&nbsp;	at sun.reflect.NativeConstructorAccessorImpl.newInstance(NativeConstructorAccessorImpl.java:62)
<br>&nbsp;&nbsp;&nbsp;&nbsp;	at sun.reflect.DelegatingConstructorAccessorImpl.newInstance(DelegatingConstructorAccessorImpl.java:45)
<br>&nbsp;&nbsp;&nbsp;&nbsp;	at java.lang.reflect.Constructor.newInstance(Constructor.java:423)
<br>&nbsp;&nbsp;&nbsp;&nbsp;	at org.openqa.selenium.remote.http.W3CHttpResponseCodec.createException(W3CHttpResponseCodec.java:187)
<br>&nbsp;&nbsp;&nbsp;&nbsp;	at org.openqa.selenium.remote.http.W3CHttpResponseCodec.decode(W3CHttpResponseCodec.java:122)
<br>&nbsp;&nbsp;&nbsp;&nbsp;	at org.openqa.selenium.remote.http.W3CHttpResponseCodec.decode(W3CHttpResponseCodec.java:49)
<br>&nbsp;&nbsp;&nbsp;&nbsp;	at org.openqa.selenium.remote.HttpCommandExecutor.execute(HttpCommandExecutor.java:158)
<br>&nbsp;&nbsp;&nbsp;&nbsp;	at org.openqa.selenium.remote.service.DriverCommandExecutor.execute(DriverCommandExecutor.java:83)
<br>&nbsp;&nbsp;&nbsp;&nbsp;	at org.openqa.selenium.remote.RemoteWebDriver.execute(RemoteWebDriver.java:552)
<br>&nbsp;&nbsp;&nbsp;&nbsp;	at org.openqa.selenium.remote.RemoteWebDriver.findElement(RemoteWebDriver.java:323)
<br>&nbsp;&nbsp;&nbsp;&nbsp;	at org.openqa.selenium.remote.RemoteWebDriver.findElementByXPath(RemoteWebDriver.java:428)
<br>&nbsp;&nbsp;&nbsp;&nbsp;	at org.openqa.selenium.By$ByXPath.findElement(By.java:353)
<br>&nbsp;&nbsp;&nbsp;&nbsp;	at org.openqa.selenium.remote.RemoteWebDriver.findElement(RemoteWebDriver.java:315)
<br>&nbsp;&nbsp;&nbsp;&nbsp;	at com.webaite.test.DataDrivenTest.negativeAdmin(DataDrivenTest.java:102)
<br>&nbsp;&nbsp;&nbsp;&nbsp;	at sun.reflect.NativeMethodAccessorImpl.invoke0(Native Method)
<br>&nbsp;&nbsp;&nbsp;&nbsp;	at sun.reflect.NativeMethodAccessorImpl.invoke(NativeMethodAccessorImpl.java:62)
<br>&nbsp;&nbsp;&nbsp;&nbsp;	at sun.reflect.DelegatingMethodAccessorImpl.invoke(DelegatingMethodAccessorImpl.java:43)
<br>&nbsp;&nbsp;&nbsp;&nbsp;	at java.lang.reflect.Method.invoke(Method.java:498)
<br>&nbsp;&nbsp;&nbsp;&nbsp;	at org.testng.internal.MethodInvocationHelper.invokeMethod(MethodInvocationHelper.java:124)
<br>&nbsp;&nbsp;&nbsp;&nbsp;	at org.testng.internal.Invoker.invokeMethod(Invoker.java:583)
<br>&nbsp;&nbsp;&nbsp;&nbsp;	at org.testng.internal.Invoker.invokeTestMethod(Invoker.java:719)
<br>&nbsp;&nbsp;&nbsp;&nbsp;	at org.testng.internal.Invoker.invokeTestMethods(Invoker.java:989)
<br>&nbsp;&nbsp;&nbsp;&nbsp;	at org.testng.internal.TestMethodWorker.invokeTestMethods(TestMethodWorker.java:125)
<br>&nbsp;&nbsp;&nbsp;&nbsp;	at org.testng.internal.TestMethodWorker.run(TestMethodWorker.java:109)
<br>&nbsp;&nbsp;&nbsp;&nbsp;	at org.testng.TestRunner.privateRun(TestRunner.java:648)
<br>&nbsp;&nbsp;&nbsp;&nbsp;	at org.testng.TestRunner.run(TestRunner.java:505)
<br>&nbsp;&nbsp;&nbsp;&nbsp;	at org.testng.SuiteRunner.runTest(SuiteRunner.java:455)
<br>&nbsp;&nbsp;&nbsp;&nbsp;	at org.testng.SuiteRunner.runSequentially(SuiteRunner.java:450)
<br>&nbsp;&nbsp;&nbsp;&nbsp;	at org.testng.SuiteRunner.privateRun(SuiteRunner.java:415)
<br>&nbsp;&nbsp;&nbsp;&nbsp;	at org.testng.SuiteRunner.run(SuiteRunner.java:364)
<br>&nbsp;&nbsp;&nbsp;&nbsp;	at org.testng.SuiteRunnerWorker.runSuite(SuiteRunnerWorker.java:52)
<br>&nbsp;&nbsp;&nbsp;&nbsp;	at org.testng.SuiteRunnerWorker.run(SuiteRunnerWorker.java:84)
<br>&nbsp;&nbsp;&nbsp;&nbsp;	at org.testng.TestNG.runSuitesSequentially(TestNG.java:1208)
<br>&nbsp;&nbsp;&nbsp;&nbsp;	at org.testng.TestNG.runSuitesLocally(TestNG.java:1137)
<br>&nbsp;&nbsp;&nbsp;&nbsp;	at org.testng.TestNG.runSuites(TestNG.java:1049)
<br>&nbsp;&nbsp;&nbsp;&nbsp;	at org.testng.TestNG.run(TestNG.java:1017)
<br>&nbsp;&nbsp;&nbsp;&nbsp;	at org.testng.remote.AbstractRemoteTestNG.run(AbstractRemoteTestNG.java:114)
<br>&nbsp;&nbsp;&nbsp;&nbsp;	at org.testng.remote.RemoteTestNG.initAndRun(RemoteTestNG.java:251)
<br>&nbsp;&nbsp;&nbsp;&nbsp;	at org.testng.remote.RemoteTestNG.main(RemoteTestNG.java:77)
</td></tr>

<tr>
<td>183488</td>
<td title="main thread">main</td>
<td title="Level">INFO</td>
<td title="com.website.base.BaseFram category">com.website.base.BaseFram</td>
<td>BaseFram.java:69</td>
<td title="Message">End a single test...</td>
</tr>

<tr>
<td>188489</td>
<td title="main thread">main</td>
<td title="Level">INFO</td>
<td title="com.website.base.BaseFram category">com.website.base.BaseFram</td>
<td>BaseFram.java:54</td>
<td title="Message">Start a single test...</td>
</tr>

<tr>
<td>200707</td>
<td title="main thread">main</td>
<td title="Level">INFO</td>
<td title="com.website.page.Homepage category">com.website.page.Homepage</td>
<td>Homepage.java:20</td>
<td title="Message">the title of th epage is Demo Script Test drive - PHPTRAVELS</td>
</tr>

<tr>
<td>202755</td>
<td title="main thread">main</td>
<td title="Level">INFO</td>
<td title="com.website.page.Homepage category">com.website.page.Homepage</td>
<td>Homepage.java:46</td>
<td title="Message">page will change to backend page</td>
</tr>

<tr>
<td>237037</td>
<td title="main thread">main</td>
<td title="Level"><font color="#993300"><strong>ERROR</strong></font></td>
<td title="com.webaite.test.DataDrivenTest category">com.webaite.test.DataDrivenTest</td>
<td>DataDrivenTest.java:108</td>
<td title="Message">Error: </td>
</tr>
<tr><td bgcolor="#993300" style="color:White; font-size : xx-small;" colspan="6">org.openqa.selenium.NoSuchElementException: no such element: Unable to locate element: {&quot;method&quot;:&quot;xpath&quot;,&quot;selector&quot;:&quot;/html/body/div[2]/form[1]/div[2]/div&quot;}
<br>&nbsp;&nbsp;&nbsp;&nbsp;  (Session info: chrome=81.0.4044.138)
<br>&nbsp;&nbsp;&nbsp;&nbsp;For documentation on this error, please visit: https://www.seleniumhq.org/exceptions/no_such_element.html
<br>&nbsp;&nbsp;&nbsp;&nbsp;Build info: version: '3.141.59', revision: 'e82be7d358', time: '2018-11-14T08:17:03'
<br>&nbsp;&nbsp;&nbsp;&nbsp;System info: host: 'LAPTOP-FEM2N9O3', ip: '192.168.99.1', os.name: 'Windows 10', os.arch: 'amd64', os.version: '10.0', java.version: '1.8.0_191'
<br>&nbsp;&nbsp;&nbsp;&nbsp;Driver info: org.openqa.selenium.chrome.ChromeDriver
<br>&nbsp;&nbsp;&nbsp;&nbsp;Capabilities {acceptInsecureCerts: false, browserName: chrome, browserVersion: 81.0.4044.138, chrome: {chromedriverVersion: 81.0.4044.138 (8c6c7ba89cc9..., userDataDir: C:\Users\nawar\AppData\Loca...}, goog:chromeOptions: {debuggerAddress: localhost:57206}, javascriptEnabled: true, networkConnectionEnabled: false, pageLoadStrategy: normal, platform: WINDOWS, platformName: WINDOWS, proxy: Proxy(), setWindowRect: true, strictFileInteractability: false, timeouts: {implicit: 0, pageLoad: 300000, script: 30000}, unhandledPromptBehavior: dismiss and notify, webauthn:virtualAuthenticators: true}
<br>&nbsp;&nbsp;&nbsp;&nbsp;Session ID: fcdd9fbb71146070ac74b0fd4c4bfab0
<br>&nbsp;&nbsp;&nbsp;&nbsp;*** Element info: {Using=xpath, value=/html/body/div[2]/form[1]/div[2]/div}
<br>&nbsp;&nbsp;&nbsp;&nbsp;	at sun.reflect.NativeConstructorAccessorImpl.newInstance0(Native Method)
<br>&nbsp;&nbsp;&nbsp;&nbsp;	at sun.reflect.NativeConstructorAccessorImpl.newInstance(NativeConstructorAccessorImpl.java:62)
<br>&nbsp;&nbsp;&nbsp;&nbsp;	at sun.reflect.DelegatingConstructorAccessorImpl.newInstance(DelegatingConstructorAccessorImpl.java:45)
<br>&nbsp;&nbsp;&nbsp;&nbsp;	at java.lang.reflect.Constructor.newInstance(Constructor.java:423)
<br>&nbsp;&nbsp;&nbsp;&nbsp;	at org.openqa.selenium.remote.http.W3CHttpResponseCodec.createException(W3CHttpResponseCodec.java:187)
<br>&nbsp;&nbsp;&nbsp;&nbsp;	at org.openqa.selenium.remote.http.W3CHttpResponseCodec.decode(W3CHttpResponseCodec.java:122)
<br>&nbsp;&nbsp;&nbsp;&nbsp;	at org.openqa.selenium.remote.http.W3CHttpResponseCodec.decode(W3CHttpResponseCodec.java:49)
<br>&nbsp;&nbsp;&nbsp;&nbsp;	at org.openqa.selenium.remote.HttpCommandExecutor.execute(HttpCommandExecutor.java:158)
<br>&nbsp;&nbsp;&nbsp;&nbsp;	at org.openqa.selenium.remote.service.DriverCommandExecutor.execute(DriverCommandExecutor.java:83)
<br>&nbsp;&nbsp;&nbsp;&nbsp;	at org.openqa.selenium.remote.RemoteWebDriver.execute(RemoteWebDriver.java:552)
<br>&nbsp;&nbsp;&nbsp;&nbsp;	at org.openqa.selenium.remote.RemoteWebDriver.findElement(RemoteWebDriver.java:323)
<br>&nbsp;&nbsp;&nbsp;&nbsp;	at org.openqa.selenium.remote.RemoteWebDriver.findElementByXPath(RemoteWebDriver.java:428)
<br>&nbsp;&nbsp;&nbsp;&nbsp;	at org.openqa.selenium.By$ByXPath.findElement(By.java:353)
<br>&nbsp;&nbsp;&nbsp;&nbsp;	at org.openqa.selenium.remote.RemoteWebDriver.findElement(RemoteWebDriver.java:315)
<br>&nbsp;&nbsp;&nbsp;&nbsp;	at com.webaite.test.DataDrivenTest.negativeAdmin(DataDrivenTest.java:102)
<br>&nbsp;&nbsp;&nbsp;&nbsp;	at sun.reflect.NativeMethodAccessorImpl.invoke0(Native Method)
<br>&nbsp;&nbsp;&nbsp;&nbsp;	at sun.reflect.NativeMethodAccessorImpl.invoke(NativeMethodAccessorImpl.java:62)
<br>&nbsp;&nbsp;&nbsp;&nbsp;	at sun.reflect.DelegatingMethodAccessorImpl.invoke(DelegatingMethodAccessorImpl.java:43)
<br>&nbsp;&nbsp;&nbsp;&nbsp;	at java.lang.reflect.Method.invoke(Method.java:498)
<br>&nbsp;&nbsp;&nbsp;&nbsp;	at org.testng.internal.MethodInvocationHelper.invokeMethod(MethodInvocationHelper.java:124)
<br>&nbsp;&nbsp;&nbsp;&nbsp;	at org.testng.internal.Invoker.invokeMethod(Invoker.java:583)
<br>&nbsp;&nbsp;&nbsp;&nbsp;	at org.testng.internal.Invoker.invokeTestMethod(Invoker.java:719)
<br>&nbsp;&nbsp;&nbsp;&nbsp;	at org.testng.internal.Invoker.invokeTestMethods(Invoker.java:989)
<br>&nbsp;&nbsp;&nbsp;&nbsp;	at org.testng.internal.TestMethodWorker.invokeTestMethods(TestMethodWorker.java:125)
<br>&nbsp;&nbsp;&nbsp;&nbsp;	at org.testng.internal.TestMethodWorker.run(TestMethodWorker.java:109)
<br>&nbsp;&nbsp;&nbsp;&nbsp;	at org.testng.TestRunner.privateRun(TestRunner.java:648)
<br>&nbsp;&nbsp;&nbsp;&nbsp;	at org.testng.TestRunner.run(TestRunner.java:505)
<br>&nbsp;&nbsp;&nbsp;&nbsp;	at org.testng.SuiteRunner.runTest(SuiteRunner.java:455)
<br>&nbsp;&nbsp;&nbsp;&nbsp;	at org.testng.SuiteRunner.runSequentially(SuiteRunner.java:450)
<br>&nbsp;&nbsp;&nbsp;&nbsp;	at org.testng.SuiteRunner.privateRun(SuiteRunner.java:415)
<br>&nbsp;&nbsp;&nbsp;&nbsp;	at org.testng.SuiteRunner.run(SuiteRunner.java:364)
<br>&nbsp;&nbsp;&nbsp;&nbsp;	at org.testng.SuiteRunnerWorker.runSuite(SuiteRunnerWorker.java:52)
<br>&nbsp;&nbsp;&nbsp;&nbsp;	at org.testng.SuiteRunnerWorker.run(SuiteRunnerWorker.java:84)
<br>&nbsp;&nbsp;&nbsp;&nbsp;	at org.testng.TestNG.runSuitesSequentially(TestNG.java:1208)
<br>&nbsp;&nbsp;&nbsp;&nbsp;	at org.testng.TestNG.runSuitesLocally(TestNG.java:1137)
<br>&nbsp;&nbsp;&nbsp;&nbsp;	at org.testng.TestNG.runSuites(TestNG.java:1049)
<br>&nbsp;&nbsp;&nbsp;&nbsp;	at org.testng.TestNG.run(TestNG.java:1017)
<br>&nbsp;&nbsp;&nbsp;&nbsp;	at org.testng.remote.AbstractRemoteTestNG.run(AbstractRemoteTestNG.java:114)
<br>&nbsp;&nbsp;&nbsp;&nbsp;	at org.testng.remote.RemoteTestNG.initAndRun(RemoteTestNG.java:251)
<br>&nbsp;&nbsp;&nbsp;&nbsp;	at org.testng.remote.RemoteTestNG.main(RemoteTestNG.java:77)
</td></tr>

<tr>
<td>237039</td>
<td title="main thread">main</td>
<td title="Level">INFO</td>
<td title="com.website.base.BaseFram category">com.website.base.BaseFram</td>
<td>BaseFram.java:69</td>
<td title="Message">End a single test...</td>
</tr>

<tr>
<td>242042</td>
<td title="main thread">main</td>
<td title="Level">INFO</td>
<td title="com.website.base.BaseFram category">com.website.base.BaseFram</td>
<td>BaseFram.java:54</td>
<td title="Message">Start a single test...</td>
</tr>

<tr>
<td>250116</td>
<td title="main thread">main</td>
<td title="Level">INFO</td>
<td title="com.website.page.Homepage category">com.website.page.Homepage</td>
<td>Homepage.java:20</td>
<td title="Message">the title of th epage is Demo Script Test drive - PHPTRAVELS</td>
</tr>

<tr>
<td>250255</td>
<td title="main thread">main</td>
<td title="Level">INFO</td>
<td title="com.website.page.Homepage category">com.website.page.Homepage</td>
<td>Homepage.java:46</td>
<td title="Message">page will change to backend page</td>
</tr>

<tr>
<td>283647</td>
<td title="main thread">main</td>
<td title="Level"><font color="#993300"><strong>ERROR</strong></font></td>
<td title="com.webaite.test.DataDrivenTest category">com.webaite.test.DataDrivenTest</td>
<td>DataDrivenTest.java:108</td>
<td title="Message">Error: </td>
</tr>
<tr><td bgcolor="#993300" style="color:White; font-size : xx-small;" colspan="6">org.openqa.selenium.NoSuchElementException: no such element: Unable to locate element: {&quot;method&quot;:&quot;xpath&quot;,&quot;selector&quot;:&quot;/html/body/div[2]/form[1]/div[2]/div&quot;}
<br>&nbsp;&nbsp;&nbsp;&nbsp;  (Session info: chrome=81.0.4044.138)
<br>&nbsp;&nbsp;&nbsp;&nbsp;For documentation on this error, please visit: https://www.seleniumhq.org/exceptions/no_such_element.html
<br>&nbsp;&nbsp;&nbsp;&nbsp;Build info: version: '3.141.59', revision: 'e82be7d358', time: '2018-11-14T08:17:03'
<br>&nbsp;&nbsp;&nbsp;&nbsp;System info: host: 'LAPTOP-FEM2N9O3', ip: '192.168.99.1', os.name: 'Windows 10', os.arch: 'amd64', os.version: '10.0', java.version: '1.8.0_191'
<br>&nbsp;&nbsp;&nbsp;&nbsp;Driver info: org.openqa.selenium.chrome.ChromeDriver
<br>&nbsp;&nbsp;&nbsp;&nbsp;Capabilities {acceptInsecureCerts: false, browserName: chrome, browserVersion: 81.0.4044.138, chrome: {chromedriverVersion: 81.0.4044.138 (8c6c7ba89cc9..., userDataDir: C:\Users\nawar\AppData\Loca...}, goog:chromeOptions: {debuggerAddress: localhost:57499}, javascriptEnabled: true, networkConnectionEnabled: false, pageLoadStrategy: normal, platform: WINDOWS, platformName: WINDOWS, proxy: Proxy(), setWindowRect: true, strictFileInteractability: false, timeouts: {implicit: 0, pageLoad: 300000, script: 30000}, unhandledPromptBehavior: dismiss and notify, webauthn:virtualAuthenticators: true}
<br>&nbsp;&nbsp;&nbsp;&nbsp;Session ID: 0e54159e352a41d3e53e060a6fa5f9bd
<br>&nbsp;&nbsp;&nbsp;&nbsp;*** Element info: {Using=xpath, value=/html/body/div[2]/form[1]/div[2]/div}
<br>&nbsp;&nbsp;&nbsp;&nbsp;	at sun.reflect.NativeConstructorAccessorImpl.newInstance0(Native Method)
<br>&nbsp;&nbsp;&nbsp;&nbsp;	at sun.reflect.NativeConstructorAccessorImpl.newInstance(NativeConstructorAccessorImpl.java:62)
<br>&nbsp;&nbsp;&nbsp;&nbsp;	at sun.reflect.DelegatingConstructorAccessorImpl.newInstance(DelegatingConstructorAccessorImpl.java:45)
<br>&nbsp;&nbsp;&nbsp;&nbsp;	at java.lang.reflect.Constructor.newInstance(Constructor.java:423)
<br>&nbsp;&nbsp;&nbsp;&nbsp;	at org.openqa.selenium.remote.http.W3CHttpResponseCodec.createException(W3CHttpResponseCodec.java:187)
<br>&nbsp;&nbsp;&nbsp;&nbsp;	at org.openqa.selenium.remote.http.W3CHttpResponseCodec.decode(W3CHttpResponseCodec.java:122)
<br>&nbsp;&nbsp;&nbsp;&nbsp;	at org.openqa.selenium.remote.http.W3CHttpResponseCodec.decode(W3CHttpResponseCodec.java:49)
<br>&nbsp;&nbsp;&nbsp;&nbsp;	at org.openqa.selenium.remote.HttpCommandExecutor.execute(HttpCommandExecutor.java:158)
<br>&nbsp;&nbsp;&nbsp;&nbsp;	at org.openqa.selenium.remote.service.DriverCommandExecutor.execute(DriverCommandExecutor.java:83)
<br>&nbsp;&nbsp;&nbsp;&nbsp;	at org.openqa.selenium.remote.RemoteWebDriver.execute(RemoteWebDriver.java:552)
<br>&nbsp;&nbsp;&nbsp;&nbsp;	at org.openqa.selenium.remote.RemoteWebDriver.findElement(RemoteWebDriver.java:323)
<br>&nbsp;&nbsp;&nbsp;&nbsp;	at org.openqa.selenium.remote.RemoteWebDriver.findElementByXPath(RemoteWebDriver.java:428)
<br>&nbsp;&nbsp;&nbsp;&nbsp;	at org.openqa.selenium.By$ByXPath.findElement(By.java:353)
<br>&nbsp;&nbsp;&nbsp;&nbsp;	at org.openqa.selenium.remote.RemoteWebDriver.findElement(RemoteWebDriver.java:315)
<br>&nbsp;&nbsp;&nbsp;&nbsp;	at com.webaite.test.DataDrivenTest.negativeAdmin(DataDrivenTest.java:102)
<br>&nbsp;&nbsp;&nbsp;&nbsp;	at sun.reflect.NativeMethodAccessorImpl.invoke0(Native Method)
<br>&nbsp;&nbsp;&nbsp;&nbsp;	at sun.reflect.NativeMethodAccessorImpl.invoke(NativeMethodAccessorImpl.java:62)
<br>&nbsp;&nbsp;&nbsp;&nbsp;	at sun.reflect.DelegatingMethodAccessorImpl.invoke(DelegatingMethodAccessorImpl.java:43)
<br>&nbsp;&nbsp;&nbsp;&nbsp;	at java.lang.reflect.Method.invoke(Method.java:498)
<br>&nbsp;&nbsp;&nbsp;&nbsp;	at org.testng.internal.MethodInvocationHelper.invokeMethod(MethodInvocationHelper.java:124)
<br>&nbsp;&nbsp;&nbsp;&nbsp;	at org.testng.internal.Invoker.invokeMethod(Invoker.java:583)
<br>&nbsp;&nbsp;&nbsp;&nbsp;	at org.testng.internal.Invoker.invokeTestMethod(Invoker.java:719)
<br>&nbsp;&nbsp;&nbsp;&nbsp;	at org.testng.internal.Invoker.invokeTestMethods(Invoker.java:989)
<br>&nbsp;&nbsp;&nbsp;&nbsp;	at org.testng.internal.TestMethodWorker.invokeTestMethods(TestMethodWorker.java:125)
<br>&nbsp;&nbsp;&nbsp;&nbsp;	at org.testng.internal.TestMethodWorker.run(TestMethodWorker.java:109)
<br>&nbsp;&nbsp;&nbsp;&nbsp;	at org.testng.TestRunner.privateRun(TestRunner.java:648)
<br>&nbsp;&nbsp;&nbsp;&nbsp;	at org.testng.TestRunner.run(TestRunner.java:505)
<br>&nbsp;&nbsp;&nbsp;&nbsp;	at org.testng.SuiteRunner.runTest(SuiteRunner.java:455)
<br>&nbsp;&nbsp;&nbsp;&nbsp;	at org.testng.SuiteRunner.runSequentially(SuiteRunner.java:450)
<br>&nbsp;&nbsp;&nbsp;&nbsp;	at org.testng.SuiteRunner.privateRun(SuiteRunner.java:415)
<br>&nbsp;&nbsp;&nbsp;&nbsp;	at org.testng.SuiteRunner.run(SuiteRunner.java:364)
<br>&nbsp;&nbsp;&nbsp;&nbsp;	at org.testng.SuiteRunnerWorker.runSuite(SuiteRunnerWorker.java:52)
<br>&nbsp;&nbsp;&nbsp;&nbsp;	at org.testng.SuiteRunnerWorker.run(SuiteRunnerWorker.java:84)
<br>&nbsp;&nbsp;&nbsp;&nbsp;	at org.testng.TestNG.runSuitesSequentially(TestNG.java:1208)
<br>&nbsp;&nbsp;&nbsp;&nbsp;	at org.testng.TestNG.runSuitesLocally(TestNG.java:1137)
<br>&nbsp;&nbsp;&nbsp;&nbsp;	at org.testng.TestNG.runSuites(TestNG.java:1049)
<br>&nbsp;&nbsp;&nbsp;&nbsp;	at org.testng.TestNG.run(TestNG.java:1017)
<br>&nbsp;&nbsp;&nbsp;&nbsp;	at org.testng.remote.AbstractRemoteTestNG.run(AbstractRemoteTestNG.java:114)
<br>&nbsp;&nbsp;&nbsp;&nbsp;	at org.testng.remote.RemoteTestNG.initAndRun(RemoteTestNG.java:251)
<br>&nbsp;&nbsp;&nbsp;&nbsp;	at org.testng.remote.RemoteTestNG.main(RemoteTestNG.java:77)
</td></tr>

<tr>
<td>283651</td>
<td title="main thread">main</td>
<td title="Level">INFO</td>
<td title="com.website.base.BaseFram category">com.website.base.BaseFram</td>
<td>BaseFram.java:69</td>
<td title="Message">End a single test...</td>
</tr>

<tr>
<td>288653</td>
<td title="main thread">main</td>
<td title="Level">INFO</td>
<td title="com.website.base.BaseFram category">com.website.base.BaseFram</td>
<td>BaseFram.java:54</td>
<td title="Message">Start a single test...</td>
</tr>

<tr>
<td>300360</td>
<td title="main thread">main</td>
<td title="Level">INFO</td>
<td title="com.website.page.Homepage category">com.website.page.Homepage</td>
<td>Homepage.java:20</td>
<td title="Message">the title of th epage is Demo Script Test drive - PHPTRAVELS</td>
</tr>

<tr>
<td>301862</td>
<td title="main thread">main</td>
<td title="Level">INFO</td>
<td title="com.website.page.Homepage category">com.website.page.Homepage</td>
<td>Homepage.java:46</td>
<td title="Message">page will change to backend page</td>
</tr>

<tr>
<td>341999</td>
<td title="main thread">main</td>
<td title="Level"><font color="#993300"><strong>ERROR</strong></font></td>
<td title="com.webaite.test.DataDrivenTest category">com.webaite.test.DataDrivenTest</td>
<td>DataDrivenTest.java:108</td>
<td title="Message">Error: </td>
</tr>
<tr><td bgcolor="#993300" style="color:White; font-size : xx-small;" colspan="6">org.openqa.selenium.NoSuchElementException: no such element: Unable to locate element: {&quot;method&quot;:&quot;xpath&quot;,&quot;selector&quot;:&quot;/html/body/div[2]/form[1]/div[2]/div&quot;}
<br>&nbsp;&nbsp;&nbsp;&nbsp;  (Session info: chrome=81.0.4044.138)
<br>&nbsp;&nbsp;&nbsp;&nbsp;For documentation on this error, please visit: https://www.seleniumhq.org/exceptions/no_such_element.html
<br>&nbsp;&nbsp;&nbsp;&nbsp;Build info: version: '3.141.59', revision: 'e82be7d358', time: '2018-11-14T08:17:03'
<br>&nbsp;&nbsp;&nbsp;&nbsp;System info: host: 'LAPTOP-FEM2N9O3', ip: '192.168.99.1', os.name: 'Windows 10', os.arch: 'amd64', os.version: '10.0', java.version: '1.8.0_191'
<br>&nbsp;&nbsp;&nbsp;&nbsp;Driver info: org.openqa.selenium.chrome.ChromeDriver
<br>&nbsp;&nbsp;&nbsp;&nbsp;Capabilities {acceptInsecureCerts: false, browserName: chrome, browserVersion: 81.0.4044.138, chrome: {chromedriverVersion: 81.0.4044.138 (8c6c7ba89cc9..., userDataDir: C:\Users\nawar\AppData\Loca...}, goog:chromeOptions: {debuggerAddress: localhost:57930}, javascriptEnabled: true, networkConnectionEnabled: false, pageLoadStrategy: normal, platform: WINDOWS, platformName: WINDOWS, proxy: Proxy(), setWindowRect: true, strictFileInteractability: false, timeouts: {implicit: 0, pageLoad: 300000, script: 30000}, unhandledPromptBehavior: dismiss and notify, webauthn:virtualAuthenticators: true}
<br>&nbsp;&nbsp;&nbsp;&nbsp;Session ID: 27b3d9d3cde8936951a3ac28832a85f4
<br>&nbsp;&nbsp;&nbsp;&nbsp;*** Element info: {Using=xpath, value=/html/body/div[2]/form[1]/div[2]/div}
<br>&nbsp;&nbsp;&nbsp;&nbsp;	at sun.reflect.NativeConstructorAccessorImpl.newInstance0(Native Method)
<br>&nbsp;&nbsp;&nbsp;&nbsp;	at sun.reflect.NativeConstructorAccessorImpl.newInstance(NativeConstructorAccessorImpl.java:62)
<br>&nbsp;&nbsp;&nbsp;&nbsp;	at sun.reflect.DelegatingConstructorAccessorImpl.newInstance(DelegatingConstructorAccessorImpl.java:45)
<br>&nbsp;&nbsp;&nbsp;&nbsp;	at java.lang.reflect.Constructor.newInstance(Constructor.java:423)
<br>&nbsp;&nbsp;&nbsp;&nbsp;	at org.openqa.selenium.remote.http.W3CHttpResponseCodec.createException(W3CHttpResponseCodec.java:187)
<br>&nbsp;&nbsp;&nbsp;&nbsp;	at org.openqa.selenium.remote.http.W3CHttpResponseCodec.decode(W3CHttpResponseCodec.java:122)
<br>&nbsp;&nbsp;&nbsp;&nbsp;	at org.openqa.selenium.remote.http.W3CHttpResponseCodec.decode(W3CHttpResponseCodec.java:49)
<br>&nbsp;&nbsp;&nbsp;&nbsp;	at org.openqa.selenium.remote.HttpCommandExecutor.execute(HttpCommandExecutor.java:158)
<br>&nbsp;&nbsp;&nbsp;&nbsp;	at org.openqa.selenium.remote.service.DriverCommandExecutor.execute(DriverCommandExecutor.java:83)
<br>&nbsp;&nbsp;&nbsp;&nbsp;	at org.openqa.selenium.remote.RemoteWebDriver.execute(RemoteWebDriver.java:552)
<br>&nbsp;&nbsp;&nbsp;&nbsp;	at org.openqa.selenium.remote.RemoteWebDriver.findElement(RemoteWebDriver.java:323)
<br>&nbsp;&nbsp;&nbsp;&nbsp;	at org.openqa.selenium.remote.RemoteWebDriver.findElementByXPath(RemoteWebDriver.java:428)
<br>&nbsp;&nbsp;&nbsp;&nbsp;	at org.openqa.selenium.By$ByXPath.findElement(By.java:353)
<br>&nbsp;&nbsp;&nbsp;&nbsp;	at org.openqa.selenium.remote.RemoteWebDriver.findElement(RemoteWebDriver.java:315)
<br>&nbsp;&nbsp;&nbsp;&nbsp;	at com.webaite.test.DataDrivenTest.negativeAdmin(DataDrivenTest.java:102)
<br>&nbsp;&nbsp;&nbsp;&nbsp;	at sun.reflect.NativeMethodAccessorImpl.invoke0(Native Method)
<br>&nbsp;&nbsp;&nbsp;&nbsp;	at sun.reflect.NativeMethodAccessorImpl.invoke(NativeMethodAccessorImpl.java:62)
<br>&nbsp;&nbsp;&nbsp;&nbsp;	at sun.reflect.DelegatingMethodAccessorImpl.invoke(DelegatingMethodAccessorImpl.java:43)
<br>&nbsp;&nbsp;&nbsp;&nbsp;	at java.lang.reflect.Method.invoke(Method.java:498)
<br>&nbsp;&nbsp;&nbsp;&nbsp;	at org.testng.internal.MethodInvocationHelper.invokeMethod(MethodInvocationHelper.java:124)
<br>&nbsp;&nbsp;&nbsp;&nbsp;	at org.testng.internal.Invoker.invokeMethod(Invoker.java:583)
<br>&nbsp;&nbsp;&nbsp;&nbsp;	at org.testng.internal.Invoker.invokeTestMethod(Invoker.java:719)
<br>&nbsp;&nbsp;&nbsp;&nbsp;	at org.testng.internal.Invoker.invokeTestMethods(Invoker.java:989)
<br>&nbsp;&nbsp;&nbsp;&nbsp;	at org.testng.internal.TestMethodWorker.invokeTestMethods(TestMethodWorker.java:125)
<br>&nbsp;&nbsp;&nbsp;&nbsp;	at org.testng.internal.TestMethodWorker.run(TestMethodWorker.java:109)
<br>&nbsp;&nbsp;&nbsp;&nbsp;	at org.testng.TestRunner.privateRun(TestRunner.java:648)
<br>&nbsp;&nbsp;&nbsp;&nbsp;	at org.testng.TestRunner.run(TestRunner.java:505)
<br>&nbsp;&nbsp;&nbsp;&nbsp;	at org.testng.SuiteRunner.runTest(SuiteRunner.java:455)
<br>&nbsp;&nbsp;&nbsp;&nbsp;	at org.testng.SuiteRunner.runSequentially(SuiteRunner.java:450)
<br>&nbsp;&nbsp;&nbsp;&nbsp;	at org.testng.SuiteRunner.privateRun(SuiteRunner.java:415)
<br>&nbsp;&nbsp;&nbsp;&nbsp;	at org.testng.SuiteRunner.run(SuiteRunner.java:364)
<br>&nbsp;&nbsp;&nbsp;&nbsp;	at org.testng.SuiteRunnerWorker.runSuite(SuiteRunnerWorker.java:52)
<br>&nbsp;&nbsp;&nbsp;&nbsp;	at org.testng.SuiteRunnerWorker.run(SuiteRunnerWorker.java:84)
<br>&nbsp;&nbsp;&nbsp;&nbsp;	at org.testng.TestNG.runSuitesSequentially(TestNG.java:1208)
<br>&nbsp;&nbsp;&nbsp;&nbsp;	at org.testng.TestNG.runSuitesLocally(TestNG.java:1137)
<br>&nbsp;&nbsp;&nbsp;&nbsp;	at org.testng.TestNG.runSuites(TestNG.java:1049)
<br>&nbsp;&nbsp;&nbsp;&nbsp;	at org.testng.TestNG.run(TestNG.java:1017)
<br>&nbsp;&nbsp;&nbsp;&nbsp;	at org.testng.remote.AbstractRemoteTestNG.run(AbstractRemoteTestNG.java:114)
<br>&nbsp;&nbsp;&nbsp;&nbsp;	at org.testng.remote.RemoteTestNG.initAndRun(RemoteTestNG.java:251)
<br>&nbsp;&nbsp;&nbsp;&nbsp;	at org.testng.remote.RemoteTestNG.main(RemoteTestNG.java:77)
</td></tr>

<tr>
<td>342003</td>
<td title="main thread">main</td>
<td title="Level">INFO</td>
<td title="com.website.base.BaseFram category">com.website.base.BaseFram</td>
<td>BaseFram.java:69</td>
<td title="Message">End a single test...</td>
</tr>

<tr>
<td>347008</td>
<td title="main thread">main</td>
<td title="Level">INFO</td>
<td title="com.website.base.BaseFram category">com.website.base.BaseFram</td>
<td>BaseFram.java:54</td>
<td title="Message">Start a single test...</td>
</tr>

<tr>
<td>357097</td>
<td title="main thread">main</td>
<td title="Level">INFO</td>
<td title="com.website.page.Homepage category">com.website.page.Homepage</td>
<td>Homepage.java:20</td>
<td title="Message">the title of th epage is Demo Script Test drive - PHPTRAVELS</td>
</tr>

<tr>
<td>357669</td>
<td title="main thread">main</td>
<td title="Level">INFO</td>
<td title="com.website.page.Homepage category">com.website.page.Homepage</td>
<td>Homepage.java:46</td>
<td title="Message">page will change to backend page</td>
</tr>

<tr>
<td>394808</td>
<td title="main thread">main</td>
<td title="Level"><font color="#993300"><strong>ERROR</strong></font></td>
<td title="com.webaite.test.DataDrivenTest category">com.webaite.test.DataDrivenTest</td>
<td>DataDrivenTest.java:108</td>
<td title="Message">Error: </td>
</tr>
<tr><td bgcolor="#993300" style="color:White; font-size : xx-small;" colspan="6">org.openqa.selenium.NoSuchElementException: no such element: Unable to locate element: {&quot;method&quot;:&quot;xpath&quot;,&quot;selector&quot;:&quot;/html/body/div[2]/form[1]/div[2]/div&quot;}
<br>&nbsp;&nbsp;&nbsp;&nbsp;  (Session info: chrome=81.0.4044.138)
<br>&nbsp;&nbsp;&nbsp;&nbsp;For documentation on this error, please visit: https://www.seleniumhq.org/exceptions/no_such_element.html
<br>&nbsp;&nbsp;&nbsp;&nbsp;Build info: version: '3.141.59', revision: 'e82be7d358', time: '2018-11-14T08:17:03'
<br>&nbsp;&nbsp;&nbsp;&nbsp;System info: host: 'LAPTOP-FEM2N9O3', ip: '192.168.99.1', os.name: 'Windows 10', os.arch: 'amd64', os.version: '10.0', java.version: '1.8.0_191'
<br>&nbsp;&nbsp;&nbsp;&nbsp;Driver info: org.openqa.selenium.chrome.ChromeDriver
<br>&nbsp;&nbsp;&nbsp;&nbsp;Capabilities {acceptInsecureCerts: false, browserName: chrome, browserVersion: 81.0.4044.138, chrome: {chromedriverVersion: 81.0.4044.138 (8c6c7ba89cc9..., userDataDir: C:\Users\nawar\AppData\Loca...}, goog:chromeOptions: {debuggerAddress: localhost:58393}, javascriptEnabled: true, networkConnectionEnabled: false, pageLoadStrategy: normal, platform: WINDOWS, platformName: WINDOWS, proxy: Proxy(), setWindowRect: true, strictFileInteractability: false, timeouts: {implicit: 0, pageLoad: 300000, script: 30000}, unhandledPromptBehavior: dismiss and notify, webauthn:virtualAuthenticators: true}
<br>&nbsp;&nbsp;&nbsp;&nbsp;Session ID: 0397b966825bdd7344bc465629a2def4
<br>&nbsp;&nbsp;&nbsp;&nbsp;*** Element info: {Using=xpath, value=/html/body/div[2]/form[1]/div[2]/div}
<br>&nbsp;&nbsp;&nbsp;&nbsp;	at sun.reflect.NativeConstructorAccessorImpl.newInstance0(Native Method)
<br>&nbsp;&nbsp;&nbsp;&nbsp;	at sun.reflect.NativeConstructorAccessorImpl.newInstance(NativeConstructorAccessorImpl.java:62)
<br>&nbsp;&nbsp;&nbsp;&nbsp;	at sun.reflect.DelegatingConstructorAccessorImpl.newInstance(DelegatingConstructorAccessorImpl.java:45)
<br>&nbsp;&nbsp;&nbsp;&nbsp;	at java.lang.reflect.Constructor.newInstance(Constructor.java:423)
<br>&nbsp;&nbsp;&nbsp;&nbsp;	at org.openqa.selenium.remote.http.W3CHttpResponseCodec.createException(W3CHttpResponseCodec.java:187)
<br>&nbsp;&nbsp;&nbsp;&nbsp;	at org.openqa.selenium.remote.http.W3CHttpResponseCodec.decode(W3CHttpResponseCodec.java:122)
<br>&nbsp;&nbsp;&nbsp;&nbsp;	at org.openqa.selenium.remote.http.W3CHttpResponseCodec.decode(W3CHttpResponseCodec.java:49)
<br>&nbsp;&nbsp;&nbsp;&nbsp;	at org.openqa.selenium.remote.HttpCommandExecutor.execute(HttpCommandExecutor.java:158)
<br>&nbsp;&nbsp;&nbsp;&nbsp;	at org.openqa.selenium.remote.service.DriverCommandExecutor.execute(DriverCommandExecutor.java:83)
<br>&nbsp;&nbsp;&nbsp;&nbsp;	at org.openqa.selenium.remote.RemoteWebDriver.execute(RemoteWebDriver.java:552)
<br>&nbsp;&nbsp;&nbsp;&nbsp;	at org.openqa.selenium.remote.RemoteWebDriver.findElement(RemoteWebDriver.java:323)
<br>&nbsp;&nbsp;&nbsp;&nbsp;	at org.openqa.selenium.remote.RemoteWebDriver.findElementByXPath(RemoteWebDriver.java:428)
<br>&nbsp;&nbsp;&nbsp;&nbsp;	at org.openqa.selenium.By$ByXPath.findElement(By.java:353)
<br>&nbsp;&nbsp;&nbsp;&nbsp;	at org.openqa.selenium.remote.RemoteWebDriver.findElement(RemoteWebDriver.java:315)
<br>&nbsp;&nbsp;&nbsp;&nbsp;	at com.webaite.test.DataDrivenTest.negativeAdmin(DataDrivenTest.java:102)
<br>&nbsp;&nbsp;&nbsp;&nbsp;	at sun.reflect.NativeMethodAccessorImpl.invoke0(Native Method)
<br>&nbsp;&nbsp;&nbsp;&nbsp;	at sun.reflect.NativeMethodAccessorImpl.invoke(NativeMethodAccessorImpl.java:62)
<br>&nbsp;&nbsp;&nbsp;&nbsp;	at sun.reflect.DelegatingMethodAccessorImpl.invoke(DelegatingMethodAccessorImpl.java:43)
<br>&nbsp;&nbsp;&nbsp;&nbsp;	at java.lang.reflect.Method.invoke(Method.java:498)
<br>&nbsp;&nbsp;&nbsp;&nbsp;	at org.testng.internal.MethodInvocationHelper.invokeMethod(MethodInvocationHelper.java:124)
<br>&nbsp;&nbsp;&nbsp;&nbsp;	at org.testng.internal.Invoker.invokeMethod(Invoker.java:583)
<br>&nbsp;&nbsp;&nbsp;&nbsp;	at org.testng.internal.Invoker.invokeTestMethod(Invoker.java:719)
<br>&nbsp;&nbsp;&nbsp;&nbsp;	at org.testng.internal.Invoker.invokeTestMethods(Invoker.java:989)
<br>&nbsp;&nbsp;&nbsp;&nbsp;	at org.testng.internal.TestMethodWorker.invokeTestMethods(TestMethodWorker.java:125)
<br>&nbsp;&nbsp;&nbsp;&nbsp;	at org.testng.internal.TestMethodWorker.run(TestMethodWorker.java:109)
<br>&nbsp;&nbsp;&nbsp;&nbsp;	at org.testng.TestRunner.privateRun(TestRunner.java:648)
<br>&nbsp;&nbsp;&nbsp;&nbsp;	at org.testng.TestRunner.run(TestRunner.java:505)
<br>&nbsp;&nbsp;&nbsp;&nbsp;	at org.testng.SuiteRunner.runTest(SuiteRunner.java:455)
<br>&nbsp;&nbsp;&nbsp;&nbsp;	at org.testng.SuiteRunner.runSequentially(SuiteRunner.java:450)
<br>&nbsp;&nbsp;&nbsp;&nbsp;	at org.testng.SuiteRunner.privateRun(SuiteRunner.java:415)
<br>&nbsp;&nbsp;&nbsp;&nbsp;	at org.testng.SuiteRunner.run(SuiteRunner.java:364)
<br>&nbsp;&nbsp;&nbsp;&nbsp;	at org.testng.SuiteRunnerWorker.runSuite(SuiteRunnerWorker.java:52)
<br>&nbsp;&nbsp;&nbsp;&nbsp;	at org.testng.SuiteRunnerWorker.run(SuiteRunnerWorker.java:84)
<br>&nbsp;&nbsp;&nbsp;&nbsp;	at org.testng.TestNG.runSuitesSequentially(TestNG.java:1208)
<br>&nbsp;&nbsp;&nbsp;&nbsp;	at org.testng.TestNG.runSuitesLocally(TestNG.java:1137)
<br>&nbsp;&nbsp;&nbsp;&nbsp;	at org.testng.TestNG.runSuites(TestNG.java:1049)
<br>&nbsp;&nbsp;&nbsp;&nbsp;	at org.testng.TestNG.run(TestNG.java:1017)
<br>&nbsp;&nbsp;&nbsp;&nbsp;	at org.testng.remote.AbstractRemoteTestNG.run(AbstractRemoteTestNG.java:114)
<br>&nbsp;&nbsp;&nbsp;&nbsp;	at org.testng.remote.RemoteTestNG.initAndRun(RemoteTestNG.java:251)
<br>&nbsp;&nbsp;&nbsp;&nbsp;	at org.testng.remote.RemoteTestNG.main(RemoteTestNG.java:77)
</td></tr>

<tr>
<td>394827</td>
<td title="main thread">main</td>
<td title="Level">INFO</td>
<td title="com.website.base.BaseFram category">com.website.base.BaseFram</td>
<td>BaseFram.java:69</td>
<td title="Message">End a single test...</td>
</tr>
